2015-05-23 12:07:47 INFO  KassaView:24 - start view menu
2015-05-23 12:07:50 WARN  KassaView:47 - wrong key, try again
2015-06-06 13:18:48 INFO  Version:37 - HCANN000001: Hibernate Commons Annotations {4.0.1.Final}
2015-06-06 13:18:49 INFO  Version:41 - HHH000412: Hibernate Core {4.2.1.Final}
2015-06-06 13:18:49 INFO  Environment:239 - HHH000206: hibernate.properties not found
2015-06-06 13:18:49 INFO  Environment:342 - HHH000021: Bytecode provider name : javassist
2015-06-06 13:18:50 INFO  DriverManagerConnectionProviderImpl:98 - HHH000402: Using Hibernate built-in connection pool (not for production use!)
2015-06-06 13:18:50 INFO  DriverManagerConnectionProviderImpl:134 - HHH000115: Hibernate connection pool size: 1
2015-06-06 13:18:50 INFO  DriverManagerConnectionProviderImpl:137 - HHH000006: Autocommit mode: true
2015-06-06 13:18:50 INFO  DriverManagerConnectionProviderImpl:151 - HHH000401: using driver [com.mysql.jdbc.Driver] at URL [jdbc:mysql://localhost:3306/ACP6]
2015-06-06 13:18:50 INFO  DriverManagerConnectionProviderImpl:156 - HHH000046: Connection properties: {user=root, password=****, autocommit=true, release_mode=auto}
2015-06-06 13:18:50 INFO  Dialect:128 - HHH000400: Using dialect: org.hibernate.dialect.MySQLDialect
2015-06-06 13:18:50 INFO  TransactionFactoryInitiator:73 - HHH000268: Transaction strategy: org.hibernate.engine.transaction.internal.jdbc.JdbcTransactionFactory
2015-06-06 13:18:50 INFO  ASTQueryTranslatorFactory:48 - HHH000397: Using ASTQueryTranslatorFactory
2015-06-06 13:18:51 INFO  SchemaUpdate:182 - HHH000228: Running hbm2ddl schema update
2015-06-06 13:18:51 INFO  SchemaUpdate:193 - HHH000102: Fetching database metadata
2015-06-06 13:18:51 INFO  SchemaUpdate:205 - HHH000396: Updating schema
2015-06-06 13:18:51 INFO  TableMetadata:65 - HHH000261: Table found: ACP6.users
2015-06-06 13:18:51 INFO  TableMetadata:66 - HHH000037: Columns: [full_name, pass, id, email]
2015-06-06 13:18:51 INFO  TableMetadata:68 - HHH000108: Foreign keys: []
2015-06-06 13:18:51 INFO  TableMetadata:69 - HHH000126: Indexes: [uk_016b2f138d2846cfbc07763ffb9, primary]
2015-06-06 13:18:51 INFO  SchemaUpdate:242 - HHH000232: Schema update complete
2015-06-06 13:41:00 INFO  Version:37 - HCANN000001: Hibernate Commons Annotations {4.0.1.Final}
2015-06-06 13:41:00 INFO  Version:41 - HHH000412: Hibernate Core {4.2.1.Final}
2015-06-06 13:41:00 INFO  Environment:239 - HHH000206: hibernate.properties not found
2015-06-06 13:41:00 INFO  Environment:342 - HHH000021: Bytecode provider name : javassist
2015-06-06 13:41:01 INFO  DriverManagerConnectionProviderImpl:98 - HHH000402: Using Hibernate built-in connection pool (not for production use!)
2015-06-06 13:41:01 INFO  DriverManagerConnectionProviderImpl:134 - HHH000115: Hibernate connection pool size: 1
2015-06-06 13:41:01 INFO  DriverManagerConnectionProviderImpl:137 - HHH000006: Autocommit mode: true
2015-06-06 13:41:01 INFO  DriverManagerConnectionProviderImpl:151 - HHH000401: using driver [com.mysql.jdbc.Driver] at URL [jdbc:mysql://localhost:3306/ACP6]
2015-06-06 13:41:01 INFO  DriverManagerConnectionProviderImpl:156 - HHH000046: Connection properties: {user=root, password=****, autocommit=true, release_mode=auto}
2015-06-06 13:41:02 INFO  Dialect:128 - HHH000400: Using dialect: org.hibernate.dialect.MySQLDialect
2015-06-06 13:41:02 INFO  TransactionFactoryInitiator:73 - HHH000268: Transaction strategy: org.hibernate.engine.transaction.internal.jdbc.JdbcTransactionFactory
2015-06-06 13:41:02 INFO  ASTQueryTranslatorFactory:48 - HHH000397: Using ASTQueryTranslatorFactory
2015-06-06 13:41:02 INFO  SchemaUpdate:182 - HHH000228: Running hbm2ddl schema update
2015-06-06 13:41:02 INFO  SchemaUpdate:193 - HHH000102: Fetching database metadata
2015-06-06 13:41:02 INFO  SchemaUpdate:205 - HHH000396: Updating schema
2015-06-06 13:41:02 INFO  TableMetadata:65 - HHH000261: Table found: ACP6.users
2015-06-06 13:41:02 INFO  TableMetadata:66 - HHH000037: Columns: [full_name, pass, id, email]
2015-06-06 13:41:02 INFO  TableMetadata:68 - HHH000108: Foreign keys: []
2015-06-06 13:41:02 INFO  TableMetadata:69 - HHH000126: Indexes: [uk_016b2f138d2846cfbc07763ffb9, primary]
2015-06-06 13:41:02 INFO  SchemaUpdate:242 - HHH000232: Schema update complete
2015-06-07 12:12:11 INFO  Version:37 - HCANN000001: Hibernate Commons Annotations {4.0.1.Final}
2015-06-07 12:12:11 INFO  Version:41 - HHH000412: Hibernate Core {4.2.1.Final}
2015-06-07 12:12:11 INFO  Environment:239 - HHH000206: hibernate.properties not found
2015-06-07 12:12:12 INFO  Environment:342 - HHH000021: Bytecode provider name : javassist
2015-06-07 12:12:13 INFO  DriverManagerConnectionProviderImpl:98 - HHH000402: Using Hibernate built-in connection pool (not for production use!)
2015-06-07 12:12:13 INFO  DriverManagerConnectionProviderImpl:134 - HHH000115: Hibernate connection pool size: 1
2015-06-07 12:12:13 INFO  DriverManagerConnectionProviderImpl:137 - HHH000006: Autocommit mode: true
2015-06-07 12:12:13 INFO  DriverManagerConnectionProviderImpl:151 - HHH000401: using driver [com.mysql.jdbc.Driver] at URL [jdbc:mysql://localhost:3306/ACP6]
2015-06-07 12:12:13 INFO  DriverManagerConnectionProviderImpl:156 - HHH000046: Connection properties: {user=root, password=****, autocommit=true, release_mode=auto}
2015-06-07 12:12:14 INFO  Dialect:128 - HHH000400: Using dialect: org.hibernate.dialect.MySQLDialect
2015-06-07 12:12:14 INFO  TransactionFactoryInitiator:73 - HHH000268: Transaction strategy: org.hibernate.engine.transaction.internal.jdbc.JdbcTransactionFactory
2015-06-07 12:12:14 INFO  ASTQueryTranslatorFactory:48 - HHH000397: Using ASTQueryTranslatorFactory
2015-06-07 12:12:15 INFO  SchemaUpdate:182 - HHH000228: Running hbm2ddl schema update
2015-06-07 12:12:15 INFO  SchemaUpdate:193 - HHH000102: Fetching database metadata
2015-06-07 12:12:15 INFO  SchemaUpdate:205 - HHH000396: Updating schema
2015-06-07 12:12:15 INFO  DatabaseMetaData:146 - HHH000262: Table not found: posts
2015-06-07 12:12:15 INFO  TableMetadata:65 - HHH000261: Table found: ACP6.users
2015-06-07 12:12:15 INFO  TableMetadata:66 - HHH000037: Columns: [full_name, pass, id, email]
2015-06-07 12:12:15 INFO  TableMetadata:68 - HHH000108: Foreign keys: []
2015-06-07 12:12:15 INFO  TableMetadata:69 - HHH000126: Indexes: [uk_016b2f138d2846cfbc07763ffb9, primary]
2015-06-07 12:12:15 INFO  DatabaseMetaData:146 - HHH000262: Table not found: posts
2015-06-07 12:12:15 INFO  SchemaUpdate:242 - HHH000232: Schema update complete
2015-06-07 12:19:30 INFO  Version:37 - HCANN000001: Hibernate Commons Annotations {4.0.1.Final}
2015-06-07 12:19:30 INFO  Version:41 - HHH000412: Hibernate Core {4.2.1.Final}
2015-06-07 12:19:30 INFO  Environment:239 - HHH000206: hibernate.properties not found
2015-06-07 12:19:30 INFO  Environment:342 - HHH000021: Bytecode provider name : javassist
2015-06-07 12:19:31 INFO  DriverManagerConnectionProviderImpl:98 - HHH000402: Using Hibernate built-in connection pool (not for production use!)
2015-06-07 12:19:31 INFO  DriverManagerConnectionProviderImpl:134 - HHH000115: Hibernate connection pool size: 1
2015-06-07 12:19:31 INFO  DriverManagerConnectionProviderImpl:137 - HHH000006: Autocommit mode: true
2015-06-07 12:19:31 INFO  DriverManagerConnectionProviderImpl:151 - HHH000401: using driver [com.mysql.jdbc.Driver] at URL [jdbc:mysql://localhost:3306/ACP6]
2015-06-07 12:19:31 INFO  DriverManagerConnectionProviderImpl:156 - HHH000046: Connection properties: {user=root, password=****, autocommit=true, release_mode=auto}
2015-06-07 12:19:32 INFO  Dialect:128 - HHH000400: Using dialect: org.hibernate.dialect.MySQLDialect
2015-06-07 12:19:32 INFO  TransactionFactoryInitiator:73 - HHH000268: Transaction strategy: org.hibernate.engine.transaction.internal.jdbc.JdbcTransactionFactory
2015-06-07 12:19:32 INFO  ASTQueryTranslatorFactory:48 - HHH000397: Using ASTQueryTranslatorFactory
2015-06-07 12:19:33 INFO  SchemaUpdate:182 - HHH000228: Running hbm2ddl schema update
2015-06-07 12:19:33 INFO  SchemaUpdate:193 - HHH000102: Fetching database metadata
2015-06-07 12:19:33 INFO  SchemaUpdate:205 - HHH000396: Updating schema
2015-06-07 12:19:33 INFO  TableMetadata:65 - HHH000261: Table found: ACP6.posts
2015-06-07 12:19:33 INFO  TableMetadata:66 - HHH000037: Columns: [creationdate, owner_id, id, body, title]
2015-06-07 12:19:33 INFO  TableMetadata:68 - HHH000108: Foreign keys: [fk_664e18c4212943c396213daa691]
2015-06-07 12:19:33 INFO  TableMetadata:69 - HHH000126: Indexes: [fk_664e18c4212943c396213daa691, primary]
2015-06-07 12:19:33 INFO  TableMetadata:65 - HHH000261: Table found: ACP6.users
2015-06-07 12:19:33 INFO  TableMetadata:66 - HHH000037: Columns: [full_name, pass, posttype, id, email]
2015-06-07 12:19:33 INFO  TableMetadata:68 - HHH000108: Foreign keys: []
2015-06-07 12:19:33 INFO  TableMetadata:69 - HHH000126: Indexes: [uk_016b2f138d2846cfbc07763ffb9, primary]
2015-06-07 12:19:33 INFO  SchemaUpdate:242 - HHH000232: Schema update complete
2015-06-07 12:21:11 INFO  Version:37 - HCANN000001: Hibernate Commons Annotations {4.0.1.Final}
2015-06-07 12:21:11 INFO  Version:41 - HHH000412: Hibernate Core {4.2.1.Final}
2015-06-07 12:21:11 INFO  Environment:239 - HHH000206: hibernate.properties not found
2015-06-07 12:21:11 INFO  Environment:342 - HHH000021: Bytecode provider name : javassist
2015-06-07 12:21:11 INFO  DriverManagerConnectionProviderImpl:98 - HHH000402: Using Hibernate built-in connection pool (not for production use!)
2015-06-07 12:21:11 INFO  DriverManagerConnectionProviderImpl:134 - HHH000115: Hibernate connection pool size: 1
2015-06-07 12:21:11 INFO  DriverManagerConnectionProviderImpl:137 - HHH000006: Autocommit mode: true
2015-06-07 12:21:11 INFO  DriverManagerConnectionProviderImpl:151 - HHH000401: using driver [com.mysql.jdbc.Driver] at URL [jdbc:mysql://localhost:3306/ACP6]
2015-06-07 12:21:11 INFO  DriverManagerConnectionProviderImpl:156 - HHH000046: Connection properties: {user=root, password=****, autocommit=true, release_mode=auto}
2015-06-07 12:21:12 INFO  Dialect:128 - HHH000400: Using dialect: org.hibernate.dialect.MySQLDialect
2015-06-07 12:21:12 INFO  TransactionFactoryInitiator:73 - HHH000268: Transaction strategy: org.hibernate.engine.transaction.internal.jdbc.JdbcTransactionFactory
2015-06-07 12:21:12 INFO  ASTQueryTranslatorFactory:48 - HHH000397: Using ASTQueryTranslatorFactory
2015-06-07 12:21:13 INFO  SchemaUpdate:182 - HHH000228: Running hbm2ddl schema update
2015-06-07 12:21:13 INFO  SchemaUpdate:193 - HHH000102: Fetching database metadata
2015-06-07 12:21:13 INFO  SchemaUpdate:205 - HHH000396: Updating schema
2015-06-07 12:21:13 INFO  TableMetadata:65 - HHH000261: Table found: ACP6.posts
2015-06-07 12:21:13 INFO  TableMetadata:66 - HHH000037: Columns: [creationdate, owner_id, id, body, title]
2015-06-07 12:21:13 INFO  TableMetadata:68 - HHH000108: Foreign keys: [fk_664e18c4212943c396213daa691]
2015-06-07 12:21:13 INFO  TableMetadata:69 - HHH000126: Indexes: [fk_664e18c4212943c396213daa691, primary]
2015-06-07 12:21:13 INFO  TableMetadata:65 - HHH000261: Table found: ACP6.users
2015-06-07 12:21:13 INFO  TableMetadata:66 - HHH000037: Columns: [full_name, pass, posttype, id, email]
2015-06-07 12:21:13 INFO  TableMetadata:68 - HHH000108: Foreign keys: []
2015-06-07 12:21:13 INFO  TableMetadata:69 - HHH000126: Indexes: [uk_016b2f138d2846cfbc07763ffb9, primary]
2015-06-07 12:21:13 INFO  SchemaUpdate:242 - HHH000232: Schema update complete
2015-06-07 12:21:35 INFO  Version:37 - HCANN000001: Hibernate Commons Annotations {4.0.1.Final}
2015-06-07 12:21:35 INFO  Version:41 - HHH000412: Hibernate Core {4.2.1.Final}
2015-06-07 12:21:35 INFO  Environment:239 - HHH000206: hibernate.properties not found
2015-06-07 12:21:35 INFO  Environment:342 - HHH000021: Bytecode provider name : javassist
2015-06-07 12:21:36 INFO  DriverManagerConnectionProviderImpl:98 - HHH000402: Using Hibernate built-in connection pool (not for production use!)
2015-06-07 12:21:36 INFO  DriverManagerConnectionProviderImpl:134 - HHH000115: Hibernate connection pool size: 1
2015-06-07 12:21:36 INFO  DriverManagerConnectionProviderImpl:137 - HHH000006: Autocommit mode: true
2015-06-07 12:21:36 INFO  DriverManagerConnectionProviderImpl:151 - HHH000401: using driver [com.mysql.jdbc.Driver] at URL [jdbc:mysql://localhost:3306/ACP6]
2015-06-07 12:21:36 INFO  DriverManagerConnectionProviderImpl:156 - HHH000046: Connection properties: {user=root, password=****, autocommit=true, release_mode=auto}
2015-06-07 12:21:37 INFO  Dialect:128 - HHH000400: Using dialect: org.hibernate.dialect.MySQLDialect
2015-06-07 12:21:37 INFO  TransactionFactoryInitiator:73 - HHH000268: Transaction strategy: org.hibernate.engine.transaction.internal.jdbc.JdbcTransactionFactory
2015-06-07 12:21:37 INFO  ASTQueryTranslatorFactory:48 - HHH000397: Using ASTQueryTranslatorFactory
2015-06-07 12:21:37 INFO  SchemaUpdate:182 - HHH000228: Running hbm2ddl schema update
2015-06-07 12:21:37 INFO  SchemaUpdate:193 - HHH000102: Fetching database metadata
2015-06-07 12:21:37 INFO  SchemaUpdate:205 - HHH000396: Updating schema
2015-06-07 12:21:37 INFO  TableMetadata:65 - HHH000261: Table found: ACP6.posts
2015-06-07 12:21:37 INFO  TableMetadata:66 - HHH000037: Columns: [creationdate, owner_id, id, body, title]
2015-06-07 12:21:37 INFO  TableMetadata:68 - HHH000108: Foreign keys: [fk_664e18c4212943c396213daa691]
2015-06-07 12:21:37 INFO  TableMetadata:69 - HHH000126: Indexes: [fk_664e18c4212943c396213daa691, primary]
2015-06-07 12:21:37 INFO  TableMetadata:65 - HHH000261: Table found: ACP6.users
2015-06-07 12:21:37 INFO  TableMetadata:66 - HHH000037: Columns: [full_name, pass, posttype, id, email]
2015-06-07 12:21:37 INFO  TableMetadata:68 - HHH000108: Foreign keys: []
2015-06-07 12:21:37 INFO  TableMetadata:69 - HHH000126: Indexes: [uk_016b2f138d2846cfbc07763ffb9, primary]
2015-06-07 12:21:37 INFO  SchemaUpdate:242 - HHH000232: Schema update complete
2015-06-07 12:23:09 INFO  Version:37 - HCANN000001: Hibernate Commons Annotations {4.0.1.Final}
2015-06-07 12:23:09 INFO  Version:41 - HHH000412: Hibernate Core {4.2.1.Final}
2015-06-07 12:23:09 INFO  Environment:239 - HHH000206: hibernate.properties not found
2015-06-07 12:23:09 INFO  Environment:342 - HHH000021: Bytecode provider name : javassist
2015-06-07 12:23:10 INFO  DriverManagerConnectionProviderImpl:98 - HHH000402: Using Hibernate built-in connection pool (not for production use!)
2015-06-07 12:23:10 INFO  DriverManagerConnectionProviderImpl:134 - HHH000115: Hibernate connection pool size: 1
2015-06-07 12:23:10 INFO  DriverManagerConnectionProviderImpl:137 - HHH000006: Autocommit mode: true
2015-06-07 12:23:10 INFO  DriverManagerConnectionProviderImpl:151 - HHH000401: using driver [com.mysql.jdbc.Driver] at URL [jdbc:mysql://localhost:3306/ACP6]
2015-06-07 12:23:10 INFO  DriverManagerConnectionProviderImpl:156 - HHH000046: Connection properties: {user=root, password=****, autocommit=true, release_mode=auto}
2015-06-07 12:23:11 INFO  Dialect:128 - HHH000400: Using dialect: org.hibernate.dialect.MySQLDialect
2015-06-07 12:23:11 INFO  TransactionFactoryInitiator:73 - HHH000268: Transaction strategy: org.hibernate.engine.transaction.internal.jdbc.JdbcTransactionFactory
2015-06-07 12:23:11 INFO  ASTQueryTranslatorFactory:48 - HHH000397: Using ASTQueryTranslatorFactory
2015-06-07 12:23:12 INFO  SchemaUpdate:182 - HHH000228: Running hbm2ddl schema update
2015-06-07 12:23:12 INFO  SchemaUpdate:193 - HHH000102: Fetching database metadata
2015-06-07 12:23:12 INFO  SchemaUpdate:205 - HHH000396: Updating schema
2015-06-07 12:23:12 INFO  TableMetadata:65 - HHH000261: Table found: ACP6.posts
2015-06-07 12:23:12 INFO  TableMetadata:66 - HHH000037: Columns: [creationdate, owner_id, id, body, title]
2015-06-07 12:23:12 INFO  TableMetadata:68 - HHH000108: Foreign keys: [fk_664e18c4212943c396213daa691]
2015-06-07 12:23:12 INFO  TableMetadata:69 - HHH000126: Indexes: [fk_664e18c4212943c396213daa691, primary]
2015-06-07 12:23:12 INFO  TableMetadata:65 - HHH000261: Table found: ACP6.users
2015-06-07 12:23:12 INFO  TableMetadata:66 - HHH000037: Columns: [full_name, pass, posttype, id, email]
2015-06-07 12:23:12 INFO  TableMetadata:68 - HHH000108: Foreign keys: []
2015-06-07 12:23:12 INFO  TableMetadata:69 - HHH000126: Indexes: [uk_016b2f138d2846cfbc07763ffb9, primary]
2015-06-07 12:23:12 INFO  SchemaUpdate:242 - HHH000232: Schema update complete
2015-06-07 12:23:12 WARN  SqlExceptionHelper:145 - SQL Error: 1062, SQLState: 23000
2015-06-07 12:23:12 ERROR SqlExceptionHelper:147 - Duplicate entry 'sdfsd' for key 'UK_016b2f138d2846cfbc07763ffb9'
2015-06-07 12:23:44 INFO  Version:37 - HCANN000001: Hibernate Commons Annotations {4.0.1.Final}
2015-06-07 12:23:44 INFO  Version:41 - HHH000412: Hibernate Core {4.2.1.Final}
2015-06-07 12:23:44 INFO  Environment:239 - HHH000206: hibernate.properties not found
2015-06-07 12:23:44 INFO  Environment:342 - HHH000021: Bytecode provider name : javassist
2015-06-07 12:23:45 INFO  DriverManagerConnectionProviderImpl:98 - HHH000402: Using Hibernate built-in connection pool (not for production use!)
2015-06-07 12:23:45 INFO  DriverManagerConnectionProviderImpl:134 - HHH000115: Hibernate connection pool size: 1
2015-06-07 12:23:45 INFO  DriverManagerConnectionProviderImpl:137 - HHH000006: Autocommit mode: true
2015-06-07 12:23:45 INFO  DriverManagerConnectionProviderImpl:151 - HHH000401: using driver [com.mysql.jdbc.Driver] at URL [jdbc:mysql://localhost:3306/ACP6]
2015-06-07 12:23:45 INFO  DriverManagerConnectionProviderImpl:156 - HHH000046: Connection properties: {user=root, password=****, autocommit=true, release_mode=auto}
2015-06-07 12:23:45 INFO  Dialect:128 - HHH000400: Using dialect: org.hibernate.dialect.MySQLDialect
2015-06-07 12:23:45 INFO  TransactionFactoryInitiator:73 - HHH000268: Transaction strategy: org.hibernate.engine.transaction.internal.jdbc.JdbcTransactionFactory
2015-06-07 12:23:45 INFO  ASTQueryTranslatorFactory:48 - HHH000397: Using ASTQueryTranslatorFactory
2015-06-07 12:23:46 INFO  SchemaUpdate:182 - HHH000228: Running hbm2ddl schema update
2015-06-07 12:23:46 INFO  SchemaUpdate:193 - HHH000102: Fetching database metadata
2015-06-07 12:23:46 INFO  SchemaUpdate:205 - HHH000396: Updating schema
2015-06-07 12:23:46 INFO  TableMetadata:65 - HHH000261: Table found: ACP6.posts
2015-06-07 12:23:46 INFO  TableMetadata:66 - HHH000037: Columns: [creationdate, owner_id, id, body, title]
2015-06-07 12:23:46 INFO  TableMetadata:68 - HHH000108: Foreign keys: [fk_664e18c4212943c396213daa691]
2015-06-07 12:23:46 INFO  TableMetadata:69 - HHH000126: Indexes: [fk_664e18c4212943c396213daa691, primary]
2015-06-07 12:23:46 INFO  TableMetadata:65 - HHH000261: Table found: ACP6.users
2015-06-07 12:23:46 INFO  TableMetadata:66 - HHH000037: Columns: [full_name, pass, posttype, id, email]
2015-06-07 12:23:46 INFO  TableMetadata:68 - HHH000108: Foreign keys: []
2015-06-07 12:23:46 INFO  TableMetadata:69 - HHH000126: Indexes: [uk_016b2f138d2846cfbc07763ffb9, primary]
2015-06-07 12:23:46 INFO  SchemaUpdate:242 - HHH000232: Schema update complete
2015-06-07 12:24:32 INFO  Version:37 - HCANN000001: Hibernate Commons Annotations {4.0.1.Final}
2015-06-07 12:24:32 INFO  Version:41 - HHH000412: Hibernate Core {4.2.1.Final}
2015-06-07 12:24:32 INFO  Environment:239 - HHH000206: hibernate.properties not found
2015-06-07 12:24:32 INFO  Environment:342 - HHH000021: Bytecode provider name : javassist
2015-06-07 12:24:33 INFO  DriverManagerConnectionProviderImpl:98 - HHH000402: Using Hibernate built-in connection pool (not for production use!)
2015-06-07 12:24:33 INFO  DriverManagerConnectionProviderImpl:134 - HHH000115: Hibernate connection pool size: 1
2015-06-07 12:24:33 INFO  DriverManagerConnectionProviderImpl:137 - HHH000006: Autocommit mode: true
2015-06-07 12:24:33 INFO  DriverManagerConnectionProviderImpl:151 - HHH000401: using driver [com.mysql.jdbc.Driver] at URL [jdbc:mysql://localhost:3306/ACP6]
2015-06-07 12:24:33 INFO  DriverManagerConnectionProviderImpl:156 - HHH000046: Connection properties: {user=root, password=****, autocommit=true, release_mode=auto}
2015-06-07 12:24:34 INFO  Dialect:128 - HHH000400: Using dialect: org.hibernate.dialect.MySQLDialect
2015-06-07 12:24:34 INFO  TransactionFactoryInitiator:73 - HHH000268: Transaction strategy: org.hibernate.engine.transaction.internal.jdbc.JdbcTransactionFactory
2015-06-07 12:24:34 INFO  ASTQueryTranslatorFactory:48 - HHH000397: Using ASTQueryTranslatorFactory
2015-06-07 12:24:34 INFO  SchemaUpdate:182 - HHH000228: Running hbm2ddl schema update
2015-06-07 12:24:34 INFO  SchemaUpdate:193 - HHH000102: Fetching database metadata
2015-06-07 12:24:34 INFO  SchemaUpdate:205 - HHH000396: Updating schema
2015-06-07 12:24:34 INFO  TableMetadata:65 - HHH000261: Table found: ACP6.posts
2015-06-07 12:24:34 INFO  TableMetadata:66 - HHH000037: Columns: [creationdate, owner_id, id, body, title]
2015-06-07 12:24:34 INFO  TableMetadata:68 - HHH000108: Foreign keys: [fk_664e18c4212943c396213daa691]
2015-06-07 12:24:34 INFO  TableMetadata:69 - HHH000126: Indexes: [fk_664e18c4212943c396213daa691, primary]
2015-06-07 12:24:34 INFO  TableMetadata:65 - HHH000261: Table found: ACP6.users
2015-06-07 12:24:34 INFO  TableMetadata:66 - HHH000037: Columns: [full_name, pass, posttype, id, email]
2015-06-07 12:24:34 INFO  TableMetadata:68 - HHH000108: Foreign keys: []
2015-06-07 12:24:34 INFO  TableMetadata:69 - HHH000126: Indexes: [uk_016b2f138d2846cfbc07763ffb9, primary]
2015-06-07 12:24:34 INFO  SchemaUpdate:242 - HHH000232: Schema update complete
2015-06-07 12:49:40 INFO  Version:37 - HCANN000001: Hibernate Commons Annotations {4.0.1.Final}
2015-06-07 12:49:40 INFO  Version:41 - HHH000412: Hibernate Core {4.2.1.Final}
2015-06-07 12:49:40 INFO  Environment:239 - HHH000206: hibernate.properties not found
2015-06-07 12:49:40 INFO  Environment:342 - HHH000021: Bytecode provider name : javassist
2015-06-07 12:49:41 INFO  DriverManagerConnectionProviderImpl:98 - HHH000402: Using Hibernate built-in connection pool (not for production use!)
2015-06-07 12:49:41 INFO  DriverManagerConnectionProviderImpl:134 - HHH000115: Hibernate connection pool size: 1
2015-06-07 12:49:41 INFO  DriverManagerConnectionProviderImpl:137 - HHH000006: Autocommit mode: true
2015-06-07 12:49:41 INFO  DriverManagerConnectionProviderImpl:151 - HHH000401: using driver [com.mysql.jdbc.Driver] at URL [jdbc:mysql://localhost:3306/ACP6]
2015-06-07 12:49:41 INFO  DriverManagerConnectionProviderImpl:156 - HHH000046: Connection properties: {user=root, password=****, autocommit=true, release_mode=auto}
2015-06-07 12:49:42 INFO  Dialect:128 - HHH000400: Using dialect: org.hibernate.dialect.MySQLDialect
2015-06-07 12:49:42 INFO  TransactionFactoryInitiator:73 - HHH000268: Transaction strategy: org.hibernate.engine.transaction.internal.jdbc.JdbcTransactionFactory
2015-06-07 12:49:42 INFO  ASTQueryTranslatorFactory:48 - HHH000397: Using ASTQueryTranslatorFactory
2015-06-07 12:49:43 INFO  SchemaUpdate:182 - HHH000228: Running hbm2ddl schema update
2015-06-07 12:49:43 INFO  SchemaUpdate:193 - HHH000102: Fetching database metadata
2015-06-07 12:49:43 INFO  SchemaUpdate:205 - HHH000396: Updating schema
2015-06-07 12:49:43 INFO  TableMetadata:65 - HHH000261: Table found: ACP6.posts
2015-06-07 12:49:43 INFO  TableMetadata:66 - HHH000037: Columns: [creationdate, owner_id, id, body, title]
2015-06-07 12:49:43 INFO  TableMetadata:68 - HHH000108: Foreign keys: [fk_664e18c4212943c396213daa691]
2015-06-07 12:49:43 INFO  TableMetadata:69 - HHH000126: Indexes: [fk_664e18c4212943c396213daa691, primary]
2015-06-07 12:49:43 INFO  TableMetadata:65 - HHH000261: Table found: ACP6.users
2015-06-07 12:49:43 INFO  TableMetadata:66 - HHH000037: Columns: [full_name, pass, posttype, id, email]
2015-06-07 12:49:43 INFO  TableMetadata:68 - HHH000108: Foreign keys: []
2015-06-07 12:49:43 INFO  TableMetadata:69 - HHH000126: Indexes: [uk_016b2f138d2846cfbc07763ffb9, primary]
2015-06-07 12:49:43 INFO  SchemaUpdate:242 - HHH000232: Schema update complete
2015-06-07 12:50:36 INFO  Version:37 - HCANN000001: Hibernate Commons Annotations {4.0.1.Final}
2015-06-07 12:50:36 INFO  Version:41 - HHH000412: Hibernate Core {4.2.1.Final}
2015-06-07 12:50:36 INFO  Environment:239 - HHH000206: hibernate.properties not found
2015-06-07 12:50:36 INFO  Environment:342 - HHH000021: Bytecode provider name : javassist
2015-06-07 12:50:37 INFO  DriverManagerConnectionProviderImpl:98 - HHH000402: Using Hibernate built-in connection pool (not for production use!)
2015-06-07 12:50:37 INFO  DriverManagerConnectionProviderImpl:134 - HHH000115: Hibernate connection pool size: 1
2015-06-07 12:50:37 INFO  DriverManagerConnectionProviderImpl:137 - HHH000006: Autocommit mode: true
2015-06-07 12:50:37 INFO  DriverManagerConnectionProviderImpl:151 - HHH000401: using driver [com.mysql.jdbc.Driver] at URL [jdbc:mysql://localhost:3306/ACP6]
2015-06-07 12:50:37 INFO  DriverManagerConnectionProviderImpl:156 - HHH000046: Connection properties: {user=root, password=****, autocommit=true, release_mode=auto}
2015-06-07 12:50:38 INFO  Dialect:128 - HHH000400: Using dialect: org.hibernate.dialect.MySQLDialect
2015-06-07 12:50:38 INFO  TransactionFactoryInitiator:73 - HHH000268: Transaction strategy: org.hibernate.engine.transaction.internal.jdbc.JdbcTransactionFactory
2015-06-07 12:50:38 INFO  ASTQueryTranslatorFactory:48 - HHH000397: Using ASTQueryTranslatorFactory
2015-06-07 12:50:39 INFO  SchemaUpdate:182 - HHH000228: Running hbm2ddl schema update
2015-06-07 12:50:39 INFO  SchemaUpdate:193 - HHH000102: Fetching database metadata
2015-06-07 12:50:39 INFO  SchemaUpdate:205 - HHH000396: Updating schema
2015-06-07 12:50:39 INFO  TableMetadata:65 - HHH000261: Table found: ACP6.posts
2015-06-07 12:50:39 INFO  TableMetadata:66 - HHH000037: Columns: [creationdate, owner_id, id, body, title]
2015-06-07 12:50:39 INFO  TableMetadata:68 - HHH000108: Foreign keys: [fk_664e18c4212943c396213daa691]
2015-06-07 12:50:39 INFO  TableMetadata:69 - HHH000126: Indexes: [fk_664e18c4212943c396213daa691, primary]
2015-06-07 12:50:39 INFO  TableMetadata:65 - HHH000261: Table found: ACP6.users
2015-06-07 12:50:39 INFO  TableMetadata:66 - HHH000037: Columns: [full_name, pass, posttype, id, email]
2015-06-07 12:50:39 INFO  TableMetadata:68 - HHH000108: Foreign keys: []
2015-06-07 12:50:39 INFO  TableMetadata:69 - HHH000126: Indexes: [uk_016b2f138d2846cfbc07763ffb9, primary]
2015-06-07 12:50:39 INFO  SchemaUpdate:242 - HHH000232: Schema update complete
2015-06-07 12:54:48 INFO  Version:37 - HCANN000001: Hibernate Commons Annotations {4.0.1.Final}
2015-06-07 12:54:48 INFO  Version:41 - HHH000412: Hibernate Core {4.2.1.Final}
2015-06-07 12:54:48 INFO  Environment:239 - HHH000206: hibernate.properties not found
2015-06-07 12:54:48 INFO  Environment:342 - HHH000021: Bytecode provider name : javassist
2015-06-07 12:54:49 INFO  DriverManagerConnectionProviderImpl:98 - HHH000402: Using Hibernate built-in connection pool (not for production use!)
2015-06-07 12:54:49 INFO  DriverManagerConnectionProviderImpl:134 - HHH000115: Hibernate connection pool size: 1
2015-06-07 12:54:49 INFO  DriverManagerConnectionProviderImpl:137 - HHH000006: Autocommit mode: true
2015-06-07 12:54:49 INFO  DriverManagerConnectionProviderImpl:151 - HHH000401: using driver [com.mysql.jdbc.Driver] at URL [jdbc:mysql://localhost:3306/ACP6]
2015-06-07 12:54:49 INFO  DriverManagerConnectionProviderImpl:156 - HHH000046: Connection properties: {user=root, password=****, autocommit=true, release_mode=auto}
2015-06-07 12:54:50 INFO  Dialect:128 - HHH000400: Using dialect: org.hibernate.dialect.MySQLDialect
2015-06-07 12:54:50 INFO  TransactionFactoryInitiator:73 - HHH000268: Transaction strategy: org.hibernate.engine.transaction.internal.jdbc.JdbcTransactionFactory
2015-06-07 12:54:50 INFO  ASTQueryTranslatorFactory:48 - HHH000397: Using ASTQueryTranslatorFactory
2015-06-07 12:54:50 INFO  SchemaUpdate:182 - HHH000228: Running hbm2ddl schema update
2015-06-07 12:54:50 INFO  SchemaUpdate:193 - HHH000102: Fetching database metadata
2015-06-07 12:54:50 INFO  SchemaUpdate:205 - HHH000396: Updating schema
2015-06-07 12:54:50 INFO  TableMetadata:65 - HHH000261: Table found: ACP6.posts
2015-06-07 12:54:50 INFO  TableMetadata:66 - HHH000037: Columns: [creationdate, owner_id, id, body, title]
2015-06-07 12:54:50 INFO  TableMetadata:68 - HHH000108: Foreign keys: [fk_664e18c4212943c396213daa691]
2015-06-07 12:54:50 INFO  TableMetadata:69 - HHH000126: Indexes: [fk_664e18c4212943c396213daa691, primary]
2015-06-07 12:54:50 INFO  TableMetadata:65 - HHH000261: Table found: ACP6.users
2015-06-07 12:54:50 INFO  TableMetadata:66 - HHH000037: Columns: [full_name, pass, posttype, id, email]
2015-06-07 12:54:50 INFO  TableMetadata:68 - HHH000108: Foreign keys: []
2015-06-07 12:54:50 INFO  TableMetadata:69 - HHH000126: Indexes: [uk_016b2f138d2846cfbc07763ffb9, primary]
2015-06-07 12:54:50 INFO  SchemaUpdate:242 - HHH000232: Schema update complete
2015-06-07 12:55:03 INFO  Version:37 - HCANN000001: Hibernate Commons Annotations {4.0.1.Final}
2015-06-07 12:55:03 INFO  Version:41 - HHH000412: Hibernate Core {4.2.1.Final}
2015-06-07 12:55:03 INFO  Environment:239 - HHH000206: hibernate.properties not found
2015-06-07 12:55:03 INFO  Environment:342 - HHH000021: Bytecode provider name : javassist
2015-06-07 12:55:04 INFO  DriverManagerConnectionProviderImpl:98 - HHH000402: Using Hibernate built-in connection pool (not for production use!)
2015-06-07 12:55:04 INFO  DriverManagerConnectionProviderImpl:134 - HHH000115: Hibernate connection pool size: 1
2015-06-07 12:55:04 INFO  DriverManagerConnectionProviderImpl:137 - HHH000006: Autocommit mode: true
2015-06-07 12:55:04 INFO  DriverManagerConnectionProviderImpl:151 - HHH000401: using driver [com.mysql.jdbc.Driver] at URL [jdbc:mysql://localhost:3306/ACP6]
2015-06-07 12:55:04 INFO  DriverManagerConnectionProviderImpl:156 - HHH000046: Connection properties: {user=root, password=****, autocommit=true, release_mode=auto}
2015-06-07 12:55:05 INFO  Dialect:128 - HHH000400: Using dialect: org.hibernate.dialect.MySQLDialect
2015-06-07 12:55:05 INFO  TransactionFactoryInitiator:73 - HHH000268: Transaction strategy: org.hibernate.engine.transaction.internal.jdbc.JdbcTransactionFactory
2015-06-07 12:55:05 INFO  ASTQueryTranslatorFactory:48 - HHH000397: Using ASTQueryTranslatorFactory
2015-06-07 12:55:05 INFO  SchemaUpdate:182 - HHH000228: Running hbm2ddl schema update
2015-06-07 12:55:05 INFO  SchemaUpdate:193 - HHH000102: Fetching database metadata
2015-06-07 12:55:05 INFO  SchemaUpdate:205 - HHH000396: Updating schema
2015-06-07 12:55:05 INFO  TableMetadata:65 - HHH000261: Table found: ACP6.posts
2015-06-07 12:55:05 INFO  TableMetadata:66 - HHH000037: Columns: [creationdate, owner_id, id, body, title]
2015-06-07 12:55:05 INFO  TableMetadata:68 - HHH000108: Foreign keys: [fk_664e18c4212943c396213daa691]
2015-06-07 12:55:05 INFO  TableMetadata:69 - HHH000126: Indexes: [fk_664e18c4212943c396213daa691, primary]
2015-06-07 12:55:05 INFO  TableMetadata:65 - HHH000261: Table found: ACP6.users
2015-06-07 12:55:05 INFO  TableMetadata:66 - HHH000037: Columns: [full_name, pass, posttype, id, email]
2015-06-07 12:55:05 INFO  TableMetadata:68 - HHH000108: Foreign keys: []
2015-06-07 12:55:05 INFO  TableMetadata:69 - HHH000126: Indexes: [uk_016b2f138d2846cfbc07763ffb9, primary]
2015-06-07 12:55:05 INFO  SchemaUpdate:242 - HHH000232: Schema update complete
2015-06-07 13:00:07 INFO  Version:37 - HCANN000001: Hibernate Commons Annotations {4.0.1.Final}
2015-06-07 13:00:07 INFO  Version:41 - HHH000412: Hibernate Core {4.2.1.Final}
2015-06-07 13:00:07 INFO  Environment:239 - HHH000206: hibernate.properties not found
2015-06-07 13:00:07 INFO  Environment:342 - HHH000021: Bytecode provider name : javassist
2015-06-07 13:00:08 INFO  DriverManagerConnectionProviderImpl:98 - HHH000402: Using Hibernate built-in connection pool (not for production use!)
2015-06-07 13:00:08 INFO  DriverManagerConnectionProviderImpl:134 - HHH000115: Hibernate connection pool size: 1
2015-06-07 13:00:08 INFO  DriverManagerConnectionProviderImpl:137 - HHH000006: Autocommit mode: true
2015-06-07 13:00:08 INFO  DriverManagerConnectionProviderImpl:151 - HHH000401: using driver [com.mysql.jdbc.Driver] at URL [jdbc:mysql://localhost:3306/ACP6]
2015-06-07 13:00:08 INFO  DriverManagerConnectionProviderImpl:156 - HHH000046: Connection properties: {user=root, password=****, autocommit=true, release_mode=auto}
2015-06-07 13:00:09 INFO  Dialect:128 - HHH000400: Using dialect: org.hibernate.dialect.MySQLDialect
2015-06-07 13:00:09 INFO  TransactionFactoryInitiator:73 - HHH000268: Transaction strategy: org.hibernate.engine.transaction.internal.jdbc.JdbcTransactionFactory
2015-06-07 13:00:09 INFO  ASTQueryTranslatorFactory:48 - HHH000397: Using ASTQueryTranslatorFactory
2015-06-07 13:00:09 INFO  SchemaUpdate:182 - HHH000228: Running hbm2ddl schema update
2015-06-07 13:00:09 INFO  SchemaUpdate:193 - HHH000102: Fetching database metadata
2015-06-07 13:00:09 INFO  SchemaUpdate:205 - HHH000396: Updating schema
2015-06-07 13:00:09 INFO  TableMetadata:65 - HHH000261: Table found: ACP6.posts
2015-06-07 13:00:09 INFO  TableMetadata:66 - HHH000037: Columns: [creationdate, owner_id, id, body, title]
2015-06-07 13:00:09 INFO  TableMetadata:68 - HHH000108: Foreign keys: [fk_664e18c4212943c396213daa691]
2015-06-07 13:00:09 INFO  TableMetadata:69 - HHH000126: Indexes: [fk_664e18c4212943c396213daa691, primary]
2015-06-07 13:00:09 INFO  TableMetadata:65 - HHH000261: Table found: ACP6.users
2015-06-07 13:00:09 INFO  TableMetadata:66 - HHH000037: Columns: [full_name, pass, posttype, id, email]
2015-06-07 13:00:09 INFO  TableMetadata:68 - HHH000108: Foreign keys: []
2015-06-07 13:00:09 INFO  TableMetadata:69 - HHH000126: Indexes: [uk_016b2f138d2846cfbc07763ffb9, primary]
2015-06-07 13:00:09 INFO  SchemaUpdate:242 - HHH000232: Schema update complete
2015-06-07 13:01:29 INFO  Version:37 - HCANN000001: Hibernate Commons Annotations {4.0.1.Final}
2015-06-07 13:01:29 INFO  Version:41 - HHH000412: Hibernate Core {4.2.1.Final}
2015-06-07 13:01:29 INFO  Environment:239 - HHH000206: hibernate.properties not found
2015-06-07 13:01:29 INFO  Environment:342 - HHH000021: Bytecode provider name : javassist
2015-06-07 13:01:30 INFO  DriverManagerConnectionProviderImpl:98 - HHH000402: Using Hibernate built-in connection pool (not for production use!)
2015-06-07 13:01:30 INFO  DriverManagerConnectionProviderImpl:134 - HHH000115: Hibernate connection pool size: 1
2015-06-07 13:01:30 INFO  DriverManagerConnectionProviderImpl:137 - HHH000006: Autocommit mode: true
2015-06-07 13:01:30 INFO  DriverManagerConnectionProviderImpl:151 - HHH000401: using driver [com.mysql.jdbc.Driver] at URL [jdbc:mysql://localhost:3306/ACP6]
2015-06-07 13:01:30 INFO  DriverManagerConnectionProviderImpl:156 - HHH000046: Connection properties: {user=root, password=****, autocommit=true, release_mode=auto}
2015-06-07 13:01:30 INFO  Dialect:128 - HHH000400: Using dialect: org.hibernate.dialect.MySQLDialect
2015-06-07 13:01:30 INFO  TransactionFactoryInitiator:73 - HHH000268: Transaction strategy: org.hibernate.engine.transaction.internal.jdbc.JdbcTransactionFactory
2015-06-07 13:01:30 INFO  ASTQueryTranslatorFactory:48 - HHH000397: Using ASTQueryTranslatorFactory
2015-06-07 13:01:31 INFO  SchemaUpdate:182 - HHH000228: Running hbm2ddl schema update
2015-06-07 13:01:31 INFO  SchemaUpdate:193 - HHH000102: Fetching database metadata
2015-06-07 13:01:31 INFO  SchemaUpdate:205 - HHH000396: Updating schema
2015-06-07 13:01:31 INFO  TableMetadata:65 - HHH000261: Table found: ACP6.posts
2015-06-07 13:01:31 INFO  TableMetadata:66 - HHH000037: Columns: [creationdate, owner_id, id, body, title]
2015-06-07 13:01:31 INFO  TableMetadata:68 - HHH000108: Foreign keys: [fk_664e18c4212943c396213daa691]
2015-06-07 13:01:31 INFO  TableMetadata:69 - HHH000126: Indexes: [fk_664e18c4212943c396213daa691, primary]
2015-06-07 13:01:31 INFO  TableMetadata:65 - HHH000261: Table found: ACP6.users
2015-06-07 13:01:31 INFO  TableMetadata:66 - HHH000037: Columns: [full_name, pass, posttype, id, email]
2015-06-07 13:01:31 INFO  TableMetadata:68 - HHH000108: Foreign keys: []
2015-06-07 13:01:31 INFO  TableMetadata:69 - HHH000126: Indexes: [uk_016b2f138d2846cfbc07763ffb9, primary]
2015-06-07 13:01:31 INFO  SchemaUpdate:242 - HHH000232: Schema update complete
2015-06-07 13:02:14 INFO  Version:37 - HCANN000001: Hibernate Commons Annotations {4.0.1.Final}
2015-06-07 13:02:14 INFO  Version:41 - HHH000412: Hibernate Core {4.2.1.Final}
2015-06-07 13:02:14 INFO  Environment:239 - HHH000206: hibernate.properties not found
2015-06-07 13:02:14 INFO  Environment:342 - HHH000021: Bytecode provider name : javassist
2015-06-07 13:02:15 INFO  DriverManagerConnectionProviderImpl:98 - HHH000402: Using Hibernate built-in connection pool (not for production use!)
2015-06-07 13:02:15 INFO  DriverManagerConnectionProviderImpl:134 - HHH000115: Hibernate connection pool size: 1
2015-06-07 13:02:15 INFO  DriverManagerConnectionProviderImpl:137 - HHH000006: Autocommit mode: true
2015-06-07 13:02:15 INFO  DriverManagerConnectionProviderImpl:151 - HHH000401: using driver [com.mysql.jdbc.Driver] at URL [jdbc:mysql://localhost:3306/ACP6]
2015-06-07 13:02:15 INFO  DriverManagerConnectionProviderImpl:156 - HHH000046: Connection properties: {user=root, password=****, autocommit=true, release_mode=auto}
2015-06-07 13:02:16 INFO  Dialect:128 - HHH000400: Using dialect: org.hibernate.dialect.MySQLDialect
2015-06-07 13:02:16 INFO  TransactionFactoryInitiator:73 - HHH000268: Transaction strategy: org.hibernate.engine.transaction.internal.jdbc.JdbcTransactionFactory
2015-06-07 13:02:16 INFO  ASTQueryTranslatorFactory:48 - HHH000397: Using ASTQueryTranslatorFactory
2015-06-07 13:02:16 INFO  SchemaUpdate:182 - HHH000228: Running hbm2ddl schema update
2015-06-07 13:02:16 INFO  SchemaUpdate:193 - HHH000102: Fetching database metadata
2015-06-07 13:02:16 INFO  SchemaUpdate:205 - HHH000396: Updating schema
2015-06-07 13:02:16 INFO  TableMetadata:65 - HHH000261: Table found: ACP6.posts
2015-06-07 13:02:16 INFO  TableMetadata:66 - HHH000037: Columns: [creationdate, owner_id, id, body, title]
2015-06-07 13:02:16 INFO  TableMetadata:68 - HHH000108: Foreign keys: [fk_664e18c4212943c396213daa691]
2015-06-07 13:02:16 INFO  TableMetadata:69 - HHH000126: Indexes: [fk_664e18c4212943c396213daa691, primary]
2015-06-07 13:02:16 INFO  TableMetadata:65 - HHH000261: Table found: ACP6.users
2015-06-07 13:02:16 INFO  TableMetadata:66 - HHH000037: Columns: [full_name, pass, posttype, id, email]
2015-06-07 13:02:16 INFO  TableMetadata:68 - HHH000108: Foreign keys: []
2015-06-07 13:02:16 INFO  TableMetadata:69 - HHH000126: Indexes: [uk_016b2f138d2846cfbc07763ffb9, primary]
2015-06-07 13:02:16 INFO  SchemaUpdate:242 - HHH000232: Schema update complete
2015-06-13 13:21:58 INFO  ClassPathXmlApplicationContext:510 - Refreshing org.springframework.context.support.ClassPathXmlApplicationContext@66cd51c3: startup date [Sat Jun 13 13:21:58 EEST 2015]; root of context hierarchy
2015-06-13 13:21:58 INFO  XmlBeanDefinitionReader:317 - Loading XML bean definitions from class path resource [week8/app-context.xml]
2015-06-13 13:23:53 INFO  ClassPathXmlApplicationContext:510 - Refreshing org.springframework.context.support.ClassPathXmlApplicationContext@66cd51c3: startup date [Sat Jun 13 13:23:53 EEST 2015]; root of context hierarchy
2015-06-13 13:23:53 INFO  XmlBeanDefinitionReader:317 - Loading XML bean definitions from class path resource [week8/app-context.xml]
2015-06-13 13:24:16 INFO  ClassPathXmlApplicationContext:510 - Refreshing org.springframework.context.support.ClassPathXmlApplicationContext@66cd51c3: startup date [Sat Jun 13 13:24:16 EEST 2015]; root of context hierarchy
2015-06-13 13:24:17 INFO  XmlBeanDefinitionReader:317 - Loading XML bean definitions from class path resource [week8/app-context.xml]
2015-06-13 14:04:22 INFO  ClassPathXmlApplicationContext:510 - Refreshing org.springframework.context.support.ClassPathXmlApplicationContext@726f3b58: startup date [Sat Jun 13 14:04:22 EEST 2015]; root of context hierarchy
2015-06-13 14:04:22 INFO  XmlBeanDefinitionReader:317 - Loading XML bean definitions from class path resource [app-context.xml]
2015-06-13 14:04:24 INFO  PropertySourcesPlaceholderConfigurer:172 - Loading properties file from class path resource [app.properties]
2015-06-13 14:04:24 INFO  DriverManagerDataSource:133 - Loaded JDBC driver: com.mysql.jdbc.Driver
2015-06-13 14:04:24 INFO  LocalContainerEntityManagerFactoryBean:339 - Building JPA container EntityManagerFactory for persistence unit 'my_unit'
2015-06-13 14:04:25 INFO  Version:37 - HCANN000001: Hibernate Commons Annotations {4.0.1.Final}
2015-06-13 14:04:25 INFO  Version:41 - HHH000412: Hibernate Core {4.2.1.Final}
2015-06-13 14:04:25 INFO  Environment:239 - HHH000206: hibernate.properties not found
2015-06-13 14:04:25 INFO  Environment:342 - HHH000021: Bytecode provider name : javassist
2015-06-13 14:04:25 INFO  Ejb3Configuration:528 - HHH000204: Processing PersistenceUnitInfo [
	name: my_unit
	...]
2015-06-13 14:04:25 INFO  ConnectionProviderInitiator:188 - HHH000130: Instantiating explicit connection provider: org.hibernate.ejb.connection.InjectedDataSourceConnectionProvider
2015-06-13 14:04:27 INFO  Dialect:128 - HHH000400: Using dialect: org.hibernate.dialect.MySQLDialect
2015-06-13 14:04:27 INFO  TransactionFactoryInitiator:73 - HHH000268: Transaction strategy: org.hibernate.engine.transaction.internal.jdbc.JdbcTransactionFactory
2015-06-13 14:04:28 INFO  ASTQueryTranslatorFactory:48 - HHH000397: Using ASTQueryTranslatorFactory
2015-06-13 14:04:28 INFO  SchemaUpdate:182 - HHH000228: Running hbm2ddl schema update
2015-06-13 14:04:28 INFO  SchemaUpdate:193 - HHH000102: Fetching database metadata
2015-06-13 14:04:28 INFO  SchemaUpdate:205 - HHH000396: Updating schema
2015-06-13 14:04:29 INFO  TableMetadata:65 - HHH000261: Table found: ACP6.posts
2015-06-13 14:04:29 INFO  TableMetadata:66 - HHH000037: Columns: [creationdate, owner_id, id, body, title]
2015-06-13 14:04:29 INFO  TableMetadata:68 - HHH000108: Foreign keys: [fk_664e18c4212943c396213daa691]
2015-06-13 14:04:29 INFO  TableMetadata:69 - HHH000126: Indexes: [fk_664e18c4212943c396213daa691, primary]
2015-06-13 14:04:29 INFO  TableMetadata:65 - HHH000261: Table found: ACP6.users
2015-06-13 14:04:29 INFO  TableMetadata:66 - HHH000037: Columns: [full_name, pass, posttype, id, email]
2015-06-13 14:04:29 INFO  TableMetadata:68 - HHH000108: Foreign keys: []
2015-06-13 14:04:29 INFO  TableMetadata:69 - HHH000126: Indexes: [uk_016b2f138d2846cfbc07763ffb9, primary]
2015-06-13 14:04:29 INFO  SchemaUpdate:242 - HHH000232: Schema update complete
2015-06-14 11:42:33 INFO  AnnotationConfigApplicationContext:510 - Refreshing org.springframework.context.annotation.AnnotationConfigApplicationContext@6aa8ceb6: startup date [Sun Jun 14 11:42:33 EEST 2015]; root of context hierarchy
2015-06-14 11:42:52 INFO  AnnotationConfigApplicationContext:510 - Refreshing org.springframework.context.annotation.AnnotationConfigApplicationContext@7cd62f43: startup date [Sun Jun 14 11:42:52 EEST 2015]; root of context hierarchy
2015-06-14 11:43:48 INFO  AnnotationConfigApplicationContext:510 - Refreshing org.springframework.context.annotation.AnnotationConfigApplicationContext@6aa8ceb6: startup date [Sun Jun 14 11:43:48 EEST 2015]; root of context hierarchy
2015-06-14 11:45:48 INFO  AnnotationConfigApplicationContext:510 - Refreshing org.springframework.context.annotation.AnnotationConfigApplicationContext@6aa8ceb6: startup date [Sun Jun 14 11:45:48 EEST 2015]; root of context hierarchy
2015-06-14 11:46:40 INFO  AnnotationConfigApplicationContext:510 - Refreshing org.springframework.context.annotation.AnnotationConfigApplicationContext@7cd62f43: startup date [Sun Jun 14 11:46:40 EEST 2015]; root of context hierarchy
2015-06-14 12:01:53 INFO  ClassPathXmlApplicationContext:510 - Refreshing org.springframework.context.support.ClassPathXmlApplicationContext@619a5dff: startup date [Sun Jun 14 12:01:53 EEST 2015]; root of context hierarchy
2015-06-14 12:01:53 INFO  XmlBeanDefinitionReader:317 - Loading XML bean definitions from class path resource [app-context.xml]
2015-06-14 12:03:45 INFO  AnnotationConfigApplicationContext:510 - Refreshing org.springframework.context.annotation.AnnotationConfigApplicationContext@6aa8ceb6: startup date [Sun Jun 14 12:03:45 EEST 2015]; root of context hierarchy
2015-06-14 12:03:46 WARN  AnnotationConfigApplicationContext:487 - Exception encountered during context initialization - cancelling refresh attempt
org.springframework.beans.factory.BeanCreationException: Error creating bean with name 'b': Injection of autowired dependencies failed; nested exception is org.springframework.beans.factory.BeanCreationException: Could not autowire field: private ua.artcode.week8.ioc.annot.C ua.artcode.week8.ioc.annot.B.c; nested exception is org.springframework.beans.factory.BeanCreationException: Error creating bean with name 'c': Injection of autowired dependencies failed; nested exception is org.springframework.beans.factory.BeanCreationException: Could not autowire field: private ua.artcode.week8.ioc.di.Service ua.artcode.week8.ioc.annot.C.service; nested exception is org.springframework.beans.factory.NoUniqueBeanDefinitionException: No qualifying bean of type [ua.artcode.week8.ioc.di.Service] is defined: expected single matching bean but found 2: serviceBImpl,serviceAImpl
	at org.springframework.beans.factory.annotation.AutowiredAnnotationBeanPostProcessor.postProcessPropertyValues(AutowiredAnnotationBeanPostProcessor.java:334)
	at org.springframework.beans.factory.support.AbstractAutowireCapableBeanFactory.populateBean(AbstractAutowireCapableBeanFactory.java:1202)
	at org.springframework.beans.factory.support.AbstractAutowireCapableBeanFactory.doCreateBean(AbstractAutowireCapableBeanFactory.java:537)
	at org.springframework.beans.factory.support.AbstractAutowireCapableBeanFactory.createBean(AbstractAutowireCapableBeanFactory.java:476)
	at org.springframework.beans.factory.support.AbstractBeanFactory$1.getObject(AbstractBeanFactory.java:303)
	at org.springframework.beans.factory.support.DefaultSingletonBeanRegistry.getSingleton(DefaultSingletonBeanRegistry.java:230)
	at org.springframework.beans.factory.support.AbstractBeanFactory.doGetBean(AbstractBeanFactory.java:299)
	at org.springframework.beans.factory.support.AbstractBeanFactory.getBean(AbstractBeanFactory.java:194)
	at org.springframework.beans.factory.support.DefaultListableBeanFactory.preInstantiateSingletons(DefaultListableBeanFactory.java:762)
	at org.springframework.context.support.AbstractApplicationContext.finishBeanFactoryInitialization(AbstractApplicationContext.java:757)
	at org.springframework.context.support.AbstractApplicationContext.refresh(AbstractApplicationContext.java:480)
	at org.springframework.context.annotation.AnnotationConfigApplicationContext.<init>(AnnotationConfigApplicationContext.java:95)
	at ua.artcode.week8.ioc.annot.InitAnnotConfigContext.main(InitAnnotConfigContext.java:12)
	at sun.reflect.NativeMethodAccessorImpl.invoke0(Native Method)
	at sun.reflect.NativeMethodAccessorImpl.invoke(NativeMethodAccessorImpl.java:62)
	at sun.reflect.DelegatingMethodAccessorImpl.invoke(DelegatingMethodAccessorImpl.java:43)
	at java.lang.reflect.Method.invoke(Method.java:497)
	at com.intellij.rt.execution.application.AppMain.main(AppMain.java:140)
Caused by: org.springframework.beans.factory.BeanCreationException: Could not autowire field: private ua.artcode.week8.ioc.annot.C ua.artcode.week8.ioc.annot.B.c; nested exception is org.springframework.beans.factory.BeanCreationException: Error creating bean with name 'c': Injection of autowired dependencies failed; nested exception is org.springframework.beans.factory.BeanCreationException: Could not autowire field: private ua.artcode.week8.ioc.di.Service ua.artcode.week8.ioc.annot.C.service; nested exception is org.springframework.beans.factory.NoUniqueBeanDefinitionException: No qualifying bean of type [ua.artcode.week8.ioc.di.Service] is defined: expected single matching bean but found 2: serviceBImpl,serviceAImpl
	at org.springframework.beans.factory.annotation.AutowiredAnnotationBeanPostProcessor$AutowiredFieldElement.inject(AutowiredAnnotationBeanPostProcessor.java:561)
	at org.springframework.beans.factory.annotation.InjectionMetadata.inject(InjectionMetadata.java:88)
	at org.springframework.beans.factory.annotation.AutowiredAnnotationBeanPostProcessor.postProcessPropertyValues(AutowiredAnnotationBeanPostProcessor.java:331)
	... 17 more
Caused by: org.springframework.beans.factory.BeanCreationException: Error creating bean with name 'c': Injection of autowired dependencies failed; nested exception is org.springframework.beans.factory.BeanCreationException: Could not autowire field: private ua.artcode.week8.ioc.di.Service ua.artcode.week8.ioc.annot.C.service; nested exception is org.springframework.beans.factory.NoUniqueBeanDefinitionException: No qualifying bean of type [ua.artcode.week8.ioc.di.Service] is defined: expected single matching bean but found 2: serviceBImpl,serviceAImpl
	at org.springframework.beans.factory.annotation.AutowiredAnnotationBeanPostProcessor.postProcessPropertyValues(AutowiredAnnotationBeanPostProcessor.java:334)
	at org.springframework.beans.factory.support.AbstractAutowireCapableBeanFactory.populateBean(AbstractAutowireCapableBeanFactory.java:1202)
	at org.springframework.beans.factory.support.AbstractAutowireCapableBeanFactory.doCreateBean(AbstractAutowireCapableBeanFactory.java:537)
	at org.springframework.beans.factory.support.AbstractAutowireCapableBeanFactory.createBean(AbstractAutowireCapableBeanFactory.java:476)
	at org.springframework.beans.factory.support.AbstractBeanFactory$1.getObject(AbstractBeanFactory.java:303)
	at org.springframework.beans.factory.support.DefaultSingletonBeanRegistry.getSingleton(DefaultSingletonBeanRegistry.java:230)
	at org.springframework.beans.factory.support.AbstractBeanFactory.doGetBean(AbstractBeanFactory.java:299)
	at org.springframework.beans.factory.support.AbstractBeanFactory.getBean(AbstractBeanFactory.java:194)
	at org.springframework.beans.factory.support.DefaultListableBeanFactory.findAutowireCandidates(DefaultListableBeanFactory.java:1127)
	at org.springframework.beans.factory.support.DefaultListableBeanFactory.doResolveDependency(DefaultListableBeanFactory.java:1051)
	at org.springframework.beans.factory.support.DefaultListableBeanFactory.resolveDependency(DefaultListableBeanFactory.java:949)
	at org.springframework.beans.factory.annotation.AutowiredAnnotationBeanPostProcessor$AutowiredFieldElement.inject(AutowiredAnnotationBeanPostProcessor.java:533)
	... 19 more
Caused by: org.springframework.beans.factory.BeanCreationException: Could not autowire field: private ua.artcode.week8.ioc.di.Service ua.artcode.week8.ioc.annot.C.service; nested exception is org.springframework.beans.factory.NoUniqueBeanDefinitionException: No qualifying bean of type [ua.artcode.week8.ioc.di.Service] is defined: expected single matching bean but found 2: serviceBImpl,serviceAImpl
	at org.springframework.beans.factory.annotation.AutowiredAnnotationBeanPostProcessor$AutowiredFieldElement.inject(AutowiredAnnotationBeanPostProcessor.java:561)
	at org.springframework.beans.factory.annotation.InjectionMetadata.inject(InjectionMetadata.java:88)
	at org.springframework.beans.factory.annotation.AutowiredAnnotationBeanPostProcessor.postProcessPropertyValues(AutowiredAnnotationBeanPostProcessor.java:331)
	... 30 more
Caused by: org.springframework.beans.factory.NoUniqueBeanDefinitionException: No qualifying bean of type [ua.artcode.week8.ioc.di.Service] is defined: expected single matching bean but found 2: serviceBImpl,serviceAImpl
	at org.springframework.beans.factory.support.DefaultListableBeanFactory.doResolveDependency(DefaultListableBeanFactory.java:1061)
	at org.springframework.beans.factory.support.DefaultListableBeanFactory.resolveDependency(DefaultListableBeanFactory.java:949)
	at org.springframework.beans.factory.annotation.AutowiredAnnotationBeanPostProcessor$AutowiredFieldElement.inject(AutowiredAnnotationBeanPostProcessor.java:533)
	... 32 more
2015-06-14 12:06:08 INFO  AnnotationConfigApplicationContext:510 - Refreshing org.springframework.context.annotation.AnnotationConfigApplicationContext@6aa8ceb6: startup date [Sun Jun 14 12:06:08 EEST 2015]; root of context hierarchy
2015-06-14 12:32:33 INFO  ClassPathXmlApplicationContext:510 - Refreshing org.springframework.context.support.ClassPathXmlApplicationContext@726f3b58: startup date [Sun Jun 14 12:32:33 EEST 2015]; root of context hierarchy
2015-06-14 12:32:33 INFO  XmlBeanDefinitionReader:317 - Loading XML bean definitions from class path resource [app-context.xml]
2015-06-14 12:32:34 INFO  PropertySourcesPlaceholderConfigurer:172 - Loading properties file from class path resource [app.properties]
2015-06-14 12:32:34 INFO  DriverManagerDataSource:133 - Loaded JDBC driver: com.mysql.jdbc.Driver
2015-06-14 12:32:35 INFO  LocalContainerEntityManagerFactoryBean:339 - Building JPA container EntityManagerFactory for persistence unit 'my_unit'
2015-06-14 12:32:35 INFO  Version:37 - HCANN000001: Hibernate Commons Annotations {4.0.1.Final}
2015-06-14 12:32:35 INFO  Version:41 - HHH000412: Hibernate Core {4.2.1.Final}
2015-06-14 12:32:35 INFO  Environment:239 - HHH000206: hibernate.properties not found
2015-06-14 12:32:35 INFO  Environment:342 - HHH000021: Bytecode provider name : javassist
2015-06-14 12:32:35 INFO  Ejb3Configuration:528 - HHH000204: Processing PersistenceUnitInfo [
	name: my_unit
	...]
2015-06-14 12:32:36 INFO  ConnectionProviderInitiator:188 - HHH000130: Instantiating explicit connection provider: org.hibernate.ejb.connection.InjectedDataSourceConnectionProvider
2015-06-14 12:32:37 INFO  Dialect:128 - HHH000400: Using dialect: org.hibernate.dialect.MySQLDialect
2015-06-14 12:32:37 INFO  TransactionFactoryInitiator:73 - HHH000268: Transaction strategy: org.hibernate.engine.transaction.internal.jdbc.JdbcTransactionFactory
2015-06-14 12:32:37 INFO  ASTQueryTranslatorFactory:48 - HHH000397: Using ASTQueryTranslatorFactory
2015-06-14 12:32:37 INFO  SchemaUpdate:182 - HHH000228: Running hbm2ddl schema update
2015-06-14 12:32:37 INFO  SchemaUpdate:193 - HHH000102: Fetching database metadata
2015-06-14 12:32:37 INFO  SchemaUpdate:205 - HHH000396: Updating schema
2015-06-14 12:32:37 INFO  TableMetadata:65 - HHH000261: Table found: ACP6.posts
2015-06-14 12:32:37 INFO  TableMetadata:66 - HHH000037: Columns: [creationdate, owner_id, id, body, title]
2015-06-14 12:32:37 INFO  TableMetadata:68 - HHH000108: Foreign keys: [fk_664e18c4212943c396213daa691]
2015-06-14 12:32:37 INFO  TableMetadata:69 - HHH000126: Indexes: [fk_664e18c4212943c396213daa691, primary]
2015-06-14 12:32:37 INFO  TableMetadata:65 - HHH000261: Table found: ACP6.users
2015-06-14 12:32:37 INFO  TableMetadata:66 - HHH000037: Columns: [full_name, pass, posttype, id, email]
2015-06-14 12:32:37 INFO  TableMetadata:68 - HHH000108: Foreign keys: []
2015-06-14 12:32:37 INFO  TableMetadata:69 - HHH000126: Indexes: [uk_016b2f138d2846cfbc07763ffb9, primary]
2015-06-14 12:32:37 INFO  SchemaUpdate:242 - HHH000232: Schema update complete
2015-06-14 12:32:37 WARN  ClassPathXmlApplicationContext:487 - Exception encountered during context initialization - cancelling refresh attempt
org.springframework.beans.factory.BeanCreationException: Error creating bean with name 'userServiceImpl' defined in file [/home/serhii/IdeaProjects/ACP6/MyProjct/target/classes/ua/artcode/service/UserServiceImpl.class]: Instantiation of bean failed; nested exception is org.springframework.beans.BeanInstantiationException: Failed to instantiate [ua.artcode.service.UserServiceImpl]: No default constructor found; nested exception is java.lang.NoSuchMethodException: ua.artcode.service.UserServiceImpl.<init>()
	at org.springframework.beans.factory.support.AbstractAutowireCapableBeanFactory.instantiateBean(AbstractAutowireCapableBeanFactory.java:1093)
	at org.springframework.beans.factory.support.AbstractAutowireCapableBeanFactory.createBeanInstance(AbstractAutowireCapableBeanFactory.java:1038)
	at org.springframework.beans.factory.support.AbstractAutowireCapableBeanFactory.doCreateBean(AbstractAutowireCapableBeanFactory.java:504)
	at org.springframework.beans.factory.support.AbstractAutowireCapableBeanFactory.createBean(AbstractAutowireCapableBeanFactory.java:476)
	at org.springframework.beans.factory.support.AbstractBeanFactory$1.getObject(AbstractBeanFactory.java:303)
	at org.springframework.beans.factory.support.DefaultSingletonBeanRegistry.getSingleton(DefaultSingletonBeanRegistry.java:230)
	at org.springframework.beans.factory.support.AbstractBeanFactory.doGetBean(AbstractBeanFactory.java:299)
	at org.springframework.beans.factory.support.AbstractBeanFactory.getBean(AbstractBeanFactory.java:194)
	at org.springframework.beans.factory.support.DefaultListableBeanFactory.preInstantiateSingletons(DefaultListableBeanFactory.java:762)
	at org.springframework.context.support.AbstractApplicationContext.finishBeanFactoryInitialization(AbstractApplicationContext.java:757)
	at org.springframework.context.support.AbstractApplicationContext.refresh(AbstractApplicationContext.java:480)
	at org.springframework.context.support.ClassPathXmlApplicationContext.<init>(ClassPathXmlApplicationContext.java:139)
	at org.springframework.context.support.ClassPathXmlApplicationContext.<init>(ClassPathXmlApplicationContext.java:83)
	at ua.artcode.RunApp.main(RunApp.java:25)
	at sun.reflect.NativeMethodAccessorImpl.invoke0(Native Method)
	at sun.reflect.NativeMethodAccessorImpl.invoke(NativeMethodAccessorImpl.java:62)
	at sun.reflect.DelegatingMethodAccessorImpl.invoke(DelegatingMethodAccessorImpl.java:43)
	at java.lang.reflect.Method.invoke(Method.java:497)
	at com.intellij.rt.execution.application.AppMain.main(AppMain.java:140)
Caused by: org.springframework.beans.BeanInstantiationException: Failed to instantiate [ua.artcode.service.UserServiceImpl]: No default constructor found; nested exception is java.lang.NoSuchMethodException: ua.artcode.service.UserServiceImpl.<init>()
	at org.springframework.beans.factory.support.SimpleInstantiationStrategy.instantiate(SimpleInstantiationStrategy.java:85)
	at org.springframework.beans.factory.support.AbstractAutowireCapableBeanFactory.instantiateBean(AbstractAutowireCapableBeanFactory.java:1086)
	... 18 more
Caused by: java.lang.NoSuchMethodException: ua.artcode.service.UserServiceImpl.<init>()
	at java.lang.Class.getConstructor0(Class.java:3082)
	at java.lang.Class.getDeclaredConstructor(Class.java:2178)
	at org.springframework.beans.factory.support.SimpleInstantiationStrategy.instantiate(SimpleInstantiationStrategy.java:80)
	... 19 more
2015-06-14 12:32:37 INFO  LocalContainerEntityManagerFactoryBean:462 - Closing JPA EntityManagerFactory for persistence unit 'my_unit'
2015-06-14 12:34:13 INFO  ClassPathXmlApplicationContext:510 - Refreshing org.springframework.context.support.ClassPathXmlApplicationContext@726f3b58: startup date [Sun Jun 14 12:34:13 EEST 2015]; root of context hierarchy
2015-06-14 12:34:14 INFO  XmlBeanDefinitionReader:317 - Loading XML bean definitions from class path resource [app-context.xml]
2015-06-14 12:34:15 INFO  PropertySourcesPlaceholderConfigurer:172 - Loading properties file from class path resource [app.properties]
2015-06-14 12:34:15 INFO  DriverManagerDataSource:133 - Loaded JDBC driver: com.mysql.jdbc.Driver
2015-06-14 12:34:15 INFO  LocalContainerEntityManagerFactoryBean:339 - Building JPA container EntityManagerFactory for persistence unit 'my_unit'
2015-06-14 12:34:15 INFO  Version:37 - HCANN000001: Hibernate Commons Annotations {4.0.1.Final}
2015-06-14 12:34:15 INFO  Version:41 - HHH000412: Hibernate Core {4.2.1.Final}
2015-06-14 12:34:15 INFO  Environment:239 - HHH000206: hibernate.properties not found
2015-06-14 12:34:15 INFO  Environment:342 - HHH000021: Bytecode provider name : javassist
2015-06-14 12:34:15 INFO  Ejb3Configuration:528 - HHH000204: Processing PersistenceUnitInfo [
	name: my_unit
	...]
2015-06-14 12:34:16 INFO  ConnectionProviderInitiator:188 - HHH000130: Instantiating explicit connection provider: org.hibernate.ejb.connection.InjectedDataSourceConnectionProvider
2015-06-14 12:34:17 INFO  Dialect:128 - HHH000400: Using dialect: org.hibernate.dialect.MySQLDialect
2015-06-14 12:34:17 INFO  TransactionFactoryInitiator:73 - HHH000268: Transaction strategy: org.hibernate.engine.transaction.internal.jdbc.JdbcTransactionFactory
2015-06-14 12:34:17 INFO  ASTQueryTranslatorFactory:48 - HHH000397: Using ASTQueryTranslatorFactory
2015-06-14 12:34:17 INFO  SchemaUpdate:182 - HHH000228: Running hbm2ddl schema update
2015-06-14 12:34:17 INFO  SchemaUpdate:193 - HHH000102: Fetching database metadata
2015-06-14 12:34:17 INFO  SchemaUpdate:205 - HHH000396: Updating schema
2015-06-14 12:34:17 INFO  TableMetadata:65 - HHH000261: Table found: ACP6.posts
2015-06-14 12:34:17 INFO  TableMetadata:66 - HHH000037: Columns: [creationdate, owner_id, id, body, title]
2015-06-14 12:34:17 INFO  TableMetadata:68 - HHH000108: Foreign keys: [fk_664e18c4212943c396213daa691]
2015-06-14 12:34:17 INFO  TableMetadata:69 - HHH000126: Indexes: [fk_664e18c4212943c396213daa691, primary]
2015-06-14 12:34:17 INFO  TableMetadata:65 - HHH000261: Table found: ACP6.users
2015-06-14 12:34:17 INFO  TableMetadata:66 - HHH000037: Columns: [full_name, pass, posttype, id, email]
2015-06-14 12:34:17 INFO  TableMetadata:68 - HHH000108: Foreign keys: []
2015-06-14 12:34:17 INFO  TableMetadata:69 - HHH000126: Indexes: [uk_016b2f138d2846cfbc07763ffb9, primary]
2015-06-14 12:34:17 INFO  SchemaUpdate:242 - HHH000232: Schema update complete
2015-06-14 12:34:17 WARN  ClassPathXmlApplicationContext:487 - Exception encountered during context initialization - cancelling refresh attempt
org.springframework.beans.factory.BeanCreationException: Error creating bean with name 'userServiceImpl': Injection of autowired dependencies failed; nested exception is org.springframework.beans.factory.BeanCreationException: Could not autowire field: private ua.artcode.dao.UserDao ua.artcode.service.UserServiceImpl.userDao; nested exception is org.springframework.beans.factory.BeanCreationException: Error creating bean with name 'hibernateUserDao' defined in file [/home/serhii/IdeaProjects/ACP6/MyProjct/target/classes/ua/artcode/dao/HibernateUserDao.class]: Instantiation of bean failed; nested exception is org.springframework.beans.BeanInstantiationException: Failed to instantiate [ua.artcode.dao.HibernateUserDao]: No default constructor found; nested exception is java.lang.NoSuchMethodException: ua.artcode.dao.HibernateUserDao.<init>()
	at org.springframework.beans.factory.annotation.AutowiredAnnotationBeanPostProcessor.postProcessPropertyValues(AutowiredAnnotationBeanPostProcessor.java:334)
	at org.springframework.beans.factory.support.AbstractAutowireCapableBeanFactory.populateBean(AbstractAutowireCapableBeanFactory.java:1202)
	at org.springframework.beans.factory.support.AbstractAutowireCapableBeanFactory.doCreateBean(AbstractAutowireCapableBeanFactory.java:537)
	at org.springframework.beans.factory.support.AbstractAutowireCapableBeanFactory.createBean(AbstractAutowireCapableBeanFactory.java:476)
	at org.springframework.beans.factory.support.AbstractBeanFactory$1.getObject(AbstractBeanFactory.java:303)
	at org.springframework.beans.factory.support.DefaultSingletonBeanRegistry.getSingleton(DefaultSingletonBeanRegistry.java:230)
	at org.springframework.beans.factory.support.AbstractBeanFactory.doGetBean(AbstractBeanFactory.java:299)
	at org.springframework.beans.factory.support.AbstractBeanFactory.getBean(AbstractBeanFactory.java:194)
	at org.springframework.beans.factory.support.DefaultListableBeanFactory.preInstantiateSingletons(DefaultListableBeanFactory.java:762)
	at org.springframework.context.support.AbstractApplicationContext.finishBeanFactoryInitialization(AbstractApplicationContext.java:757)
	at org.springframework.context.support.AbstractApplicationContext.refresh(AbstractApplicationContext.java:480)
	at org.springframework.context.support.ClassPathXmlApplicationContext.<init>(ClassPathXmlApplicationContext.java:139)
	at org.springframework.context.support.ClassPathXmlApplicationContext.<init>(ClassPathXmlApplicationContext.java:83)
	at ua.artcode.RunApp.main(RunApp.java:25)
	at sun.reflect.NativeMethodAccessorImpl.invoke0(Native Method)
	at sun.reflect.NativeMethodAccessorImpl.invoke(NativeMethodAccessorImpl.java:62)
	at sun.reflect.DelegatingMethodAccessorImpl.invoke(DelegatingMethodAccessorImpl.java:43)
	at java.lang.reflect.Method.invoke(Method.java:497)
	at com.intellij.rt.execution.application.AppMain.main(AppMain.java:140)
Caused by: org.springframework.beans.factory.BeanCreationException: Could not autowire field: private ua.artcode.dao.UserDao ua.artcode.service.UserServiceImpl.userDao; nested exception is org.springframework.beans.factory.BeanCreationException: Error creating bean with name 'hibernateUserDao' defined in file [/home/serhii/IdeaProjects/ACP6/MyProjct/target/classes/ua/artcode/dao/HibernateUserDao.class]: Instantiation of bean failed; nested exception is org.springframework.beans.BeanInstantiationException: Failed to instantiate [ua.artcode.dao.HibernateUserDao]: No default constructor found; nested exception is java.lang.NoSuchMethodException: ua.artcode.dao.HibernateUserDao.<init>()
	at org.springframework.beans.factory.annotation.AutowiredAnnotationBeanPostProcessor$AutowiredFieldElement.inject(AutowiredAnnotationBeanPostProcessor.java:561)
	at org.springframework.beans.factory.annotation.InjectionMetadata.inject(InjectionMetadata.java:88)
	at org.springframework.beans.factory.annotation.AutowiredAnnotationBeanPostProcessor.postProcessPropertyValues(AutowiredAnnotationBeanPostProcessor.java:331)
	... 18 more
Caused by: org.springframework.beans.factory.BeanCreationException: Error creating bean with name 'hibernateUserDao' defined in file [/home/serhii/IdeaProjects/ACP6/MyProjct/target/classes/ua/artcode/dao/HibernateUserDao.class]: Instantiation of bean failed; nested exception is org.springframework.beans.BeanInstantiationException: Failed to instantiate [ua.artcode.dao.HibernateUserDao]: No default constructor found; nested exception is java.lang.NoSuchMethodException: ua.artcode.dao.HibernateUserDao.<init>()
	at org.springframework.beans.factory.support.AbstractAutowireCapableBeanFactory.instantiateBean(AbstractAutowireCapableBeanFactory.java:1093)
	at org.springframework.beans.factory.support.AbstractAutowireCapableBeanFactory.createBeanInstance(AbstractAutowireCapableBeanFactory.java:1038)
	at org.springframework.beans.factory.support.AbstractAutowireCapableBeanFactory.doCreateBean(AbstractAutowireCapableBeanFactory.java:504)
	at org.springframework.beans.factory.support.AbstractAutowireCapableBeanFactory.createBean(AbstractAutowireCapableBeanFactory.java:476)
	at org.springframework.beans.factory.support.AbstractBeanFactory$1.getObject(AbstractBeanFactory.java:303)
	at org.springframework.beans.factory.support.DefaultSingletonBeanRegistry.getSingleton(DefaultSingletonBeanRegistry.java:230)
	at org.springframework.beans.factory.support.AbstractBeanFactory.doGetBean(AbstractBeanFactory.java:299)
	at org.springframework.beans.factory.support.AbstractBeanFactory.getBean(AbstractBeanFactory.java:194)
	at org.springframework.beans.factory.support.DefaultListableBeanFactory.findAutowireCandidates(DefaultListableBeanFactory.java:1127)
	at org.springframework.beans.factory.support.DefaultListableBeanFactory.doResolveDependency(DefaultListableBeanFactory.java:1051)
	at org.springframework.beans.factory.support.DefaultListableBeanFactory.resolveDependency(DefaultListableBeanFactory.java:949)
	at org.springframework.beans.factory.annotation.AutowiredAnnotationBeanPostProcessor$AutowiredFieldElement.inject(AutowiredAnnotationBeanPostProcessor.java:533)
	... 20 more
Caused by: org.springframework.beans.BeanInstantiationException: Failed to instantiate [ua.artcode.dao.HibernateUserDao]: No default constructor found; nested exception is java.lang.NoSuchMethodException: ua.artcode.dao.HibernateUserDao.<init>()
	at org.springframework.beans.factory.support.SimpleInstantiationStrategy.instantiate(SimpleInstantiationStrategy.java:85)
	at org.springframework.beans.factory.support.AbstractAutowireCapableBeanFactory.instantiateBean(AbstractAutowireCapableBeanFactory.java:1086)
	... 31 more
Caused by: java.lang.NoSuchMethodException: ua.artcode.dao.HibernateUserDao.<init>()
	at java.lang.Class.getConstructor0(Class.java:3082)
	at java.lang.Class.getDeclaredConstructor(Class.java:2178)
	at org.springframework.beans.factory.support.SimpleInstantiationStrategy.instantiate(SimpleInstantiationStrategy.java:80)
	... 32 more
2015-06-14 12:34:17 INFO  LocalContainerEntityManagerFactoryBean:462 - Closing JPA EntityManagerFactory for persistence unit 'my_unit'
2015-06-14 12:35:15 INFO  ClassPathXmlApplicationContext:510 - Refreshing org.springframework.context.support.ClassPathXmlApplicationContext@726f3b58: startup date [Sun Jun 14 12:35:15 EEST 2015]; root of context hierarchy
2015-06-14 12:35:15 INFO  XmlBeanDefinitionReader:317 - Loading XML bean definitions from class path resource [app-context.xml]
2015-06-14 12:35:16 INFO  PropertySourcesPlaceholderConfigurer:172 - Loading properties file from class path resource [app.properties]
2015-06-14 12:35:16 INFO  DriverManagerDataSource:133 - Loaded JDBC driver: com.mysql.jdbc.Driver
2015-06-14 12:35:16 INFO  LocalContainerEntityManagerFactoryBean:339 - Building JPA container EntityManagerFactory for persistence unit 'my_unit'
2015-06-14 12:35:17 INFO  Version:37 - HCANN000001: Hibernate Commons Annotations {4.0.1.Final}
2015-06-14 12:35:17 INFO  Version:41 - HHH000412: Hibernate Core {4.2.1.Final}
2015-06-14 12:35:17 INFO  Environment:239 - HHH000206: hibernate.properties not found
2015-06-14 12:35:17 INFO  Environment:342 - HHH000021: Bytecode provider name : javassist
2015-06-14 12:35:17 INFO  Ejb3Configuration:528 - HHH000204: Processing PersistenceUnitInfo [
	name: my_unit
	...]
2015-06-14 12:35:17 INFO  ConnectionProviderInitiator:188 - HHH000130: Instantiating explicit connection provider: org.hibernate.ejb.connection.InjectedDataSourceConnectionProvider
2015-06-14 12:35:18 INFO  Dialect:128 - HHH000400: Using dialect: org.hibernate.dialect.MySQLDialect
2015-06-14 12:35:18 INFO  TransactionFactoryInitiator:73 - HHH000268: Transaction strategy: org.hibernate.engine.transaction.internal.jdbc.JdbcTransactionFactory
2015-06-14 12:35:18 INFO  ASTQueryTranslatorFactory:48 - HHH000397: Using ASTQueryTranslatorFactory
2015-06-14 12:35:18 INFO  SchemaUpdate:182 - HHH000228: Running hbm2ddl schema update
2015-06-14 12:35:18 INFO  SchemaUpdate:193 - HHH000102: Fetching database metadata
2015-06-14 12:35:18 INFO  SchemaUpdate:205 - HHH000396: Updating schema
2015-06-14 12:35:18 INFO  TableMetadata:65 - HHH000261: Table found: ACP6.posts
2015-06-14 12:35:18 INFO  TableMetadata:66 - HHH000037: Columns: [creationdate, owner_id, id, body, title]
2015-06-14 12:35:18 INFO  TableMetadata:68 - HHH000108: Foreign keys: [fk_664e18c4212943c396213daa691]
2015-06-14 12:35:18 INFO  TableMetadata:69 - HHH000126: Indexes: [fk_664e18c4212943c396213daa691, primary]
2015-06-14 12:35:18 INFO  TableMetadata:65 - HHH000261: Table found: ACP6.users
2015-06-14 12:35:18 INFO  TableMetadata:66 - HHH000037: Columns: [full_name, pass, posttype, id, email]
2015-06-14 12:35:18 INFO  TableMetadata:68 - HHH000108: Foreign keys: []
2015-06-14 12:35:18 INFO  TableMetadata:69 - HHH000126: Indexes: [uk_016b2f138d2846cfbc07763ffb9, primary]
2015-06-14 12:35:18 INFO  SchemaUpdate:242 - HHH000232: Schema update complete
2015-06-14 13:12:05 INFO  ClassPathXmlApplicationContext:510 - Refreshing org.springframework.context.support.ClassPathXmlApplicationContext@726f3b58: startup date [Sun Jun 14 13:12:05 EEST 2015]; root of context hierarchy
2015-06-14 13:12:05 INFO  XmlBeanDefinitionReader:317 - Loading XML bean definitions from class path resource [server-context.xml]
2015-06-14 13:12:05 INFO  XmlBeanDefinitionReader:317 - Loading XML bean definitions from class path resource [app-context.xml]
2015-06-14 13:12:06 INFO  PropertySourcesPlaceholderConfigurer:172 - Loading properties file from class path resource [app.properties]
2015-06-14 13:12:06 INFO  DriverManagerDataSource:133 - Loaded JDBC driver: com.mysql.jdbc.Driver
2015-06-14 13:12:06 INFO  LocalContainerEntityManagerFactoryBean:339 - Building JPA container EntityManagerFactory for persistence unit 'my_unit'
2015-06-14 13:12:07 INFO  Version:37 - HCANN000001: Hibernate Commons Annotations {4.0.1.Final}
2015-06-14 13:12:07 INFO  Version:41 - HHH000412: Hibernate Core {4.2.1.Final}
2015-06-14 13:12:07 INFO  Environment:239 - HHH000206: hibernate.properties not found
2015-06-14 13:12:07 INFO  Environment:342 - HHH000021: Bytecode provider name : javassist
2015-06-14 13:12:07 INFO  Ejb3Configuration:528 - HHH000204: Processing PersistenceUnitInfo [
	name: my_unit
	...]
2015-06-14 13:12:07 INFO  ConnectionProviderInitiator:188 - HHH000130: Instantiating explicit connection provider: org.hibernate.ejb.connection.InjectedDataSourceConnectionProvider
2015-06-14 13:12:08 INFO  Dialect:128 - HHH000400: Using dialect: org.hibernate.dialect.MySQLDialect
2015-06-14 13:12:08 INFO  TransactionFactoryInitiator:73 - HHH000268: Transaction strategy: org.hibernate.engine.transaction.internal.jdbc.JdbcTransactionFactory
2015-06-14 13:12:08 INFO  ASTQueryTranslatorFactory:48 - HHH000397: Using ASTQueryTranslatorFactory
2015-06-14 13:12:08 INFO  SchemaUpdate:182 - HHH000228: Running hbm2ddl schema update
2015-06-14 13:12:08 INFO  SchemaUpdate:193 - HHH000102: Fetching database metadata
2015-06-14 13:12:08 INFO  SchemaUpdate:205 - HHH000396: Updating schema
2015-06-14 13:12:08 INFO  TableMetadata:65 - HHH000261: Table found: ACP6.posts
2015-06-14 13:12:08 INFO  TableMetadata:66 - HHH000037: Columns: [creationdate, owner_id, id, body, title]
2015-06-14 13:12:08 INFO  TableMetadata:68 - HHH000108: Foreign keys: [fk_664e18c4212943c396213daa691]
2015-06-14 13:12:08 INFO  TableMetadata:69 - HHH000126: Indexes: [fk_664e18c4212943c396213daa691, primary]
2015-06-14 13:12:08 INFO  TableMetadata:65 - HHH000261: Table found: ACP6.users
2015-06-14 13:12:08 INFO  TableMetadata:66 - HHH000037: Columns: [full_name, pass, posttype, id, email]
2015-06-14 13:12:08 INFO  TableMetadata:68 - HHH000108: Foreign keys: []
2015-06-14 13:12:08 INFO  TableMetadata:69 - HHH000126: Indexes: [uk_016b2f138d2846cfbc07763ffb9, primary]
2015-06-14 13:12:08 INFO  SchemaUpdate:242 - HHH000232: Schema update complete
2015-06-14 13:12:08 INFO  RmiServiceExporter:394 - Looking for RMI registry at port '1199'
2015-06-14 13:12:08 INFO  RmiServiceExporter:405 - Could not detect RMI registry - creating new one
2015-06-14 13:12:08 INFO  RmiServiceExporter:277 - Binding service 'UserService' to RMI registry: RegistryImpl[UnicastServerRef [liveRef: [endpoint:[127.0.1.1:1199](local),objID:[0:0:0, 0]]]]
2015-06-14 13:14:42 INFO  ClassPathXmlApplicationContext:510 - Refreshing org.springframework.context.support.ClassPathXmlApplicationContext@726f3b58: startup date [Sun Jun 14 13:14:42 EEST 2015]; root of context hierarchy
2015-06-14 13:14:42 INFO  XmlBeanDefinitionReader:317 - Loading XML bean definitions from class path resource [server-context.xml]
2015-06-14 13:14:42 INFO  XmlBeanDefinitionReader:317 - Loading XML bean definitions from class path resource [app-context.xml]
2015-06-14 13:14:43 INFO  PropertySourcesPlaceholderConfigurer:172 - Loading properties file from class path resource [app.properties]
2015-06-14 13:14:43 INFO  DriverManagerDataSource:133 - Loaded JDBC driver: com.mysql.jdbc.Driver
2015-06-14 13:14:43 INFO  LocalContainerEntityManagerFactoryBean:339 - Building JPA container EntityManagerFactory for persistence unit 'my_unit'
2015-06-14 13:14:44 INFO  Version:37 - HCANN000001: Hibernate Commons Annotations {4.0.1.Final}
2015-06-14 13:14:44 INFO  Version:41 - HHH000412: Hibernate Core {4.2.1.Final}
2015-06-14 13:14:44 INFO  Environment:239 - HHH000206: hibernate.properties not found
2015-06-14 13:14:44 INFO  Environment:342 - HHH000021: Bytecode provider name : javassist
2015-06-14 13:14:44 INFO  Ejb3Configuration:528 - HHH000204: Processing PersistenceUnitInfo [
	name: my_unit
	...]
2015-06-14 13:14:45 INFO  ConnectionProviderInitiator:188 - HHH000130: Instantiating explicit connection provider: org.hibernate.ejb.connection.InjectedDataSourceConnectionProvider
2015-06-14 13:14:45 INFO  Dialect:128 - HHH000400: Using dialect: org.hibernate.dialect.MySQLDialect
2015-06-14 13:14:45 INFO  TransactionFactoryInitiator:73 - HHH000268: Transaction strategy: org.hibernate.engine.transaction.internal.jdbc.JdbcTransactionFactory
2015-06-14 13:14:45 INFO  ASTQueryTranslatorFactory:48 - HHH000397: Using ASTQueryTranslatorFactory
2015-06-14 13:14:46 INFO  SchemaUpdate:182 - HHH000228: Running hbm2ddl schema update
2015-06-14 13:14:46 INFO  SchemaUpdate:193 - HHH000102: Fetching database metadata
2015-06-14 13:14:46 INFO  SchemaUpdate:205 - HHH000396: Updating schema
2015-06-14 13:14:46 INFO  TableMetadata:65 - HHH000261: Table found: ACP6.posts
2015-06-14 13:14:46 INFO  TableMetadata:66 - HHH000037: Columns: [creationdate, owner_id, id, body, title]
2015-06-14 13:14:46 INFO  TableMetadata:68 - HHH000108: Foreign keys: [fk_664e18c4212943c396213daa691]
2015-06-14 13:14:46 INFO  TableMetadata:69 - HHH000126: Indexes: [fk_664e18c4212943c396213daa691, primary]
2015-06-14 13:14:46 INFO  TableMetadata:65 - HHH000261: Table found: ACP6.users
2015-06-14 13:14:46 INFO  TableMetadata:66 - HHH000037: Columns: [full_name, pass, posttype, id, email]
2015-06-14 13:14:46 INFO  TableMetadata:68 - HHH000108: Foreign keys: []
2015-06-14 13:14:46 INFO  TableMetadata:69 - HHH000126: Indexes: [uk_016b2f138d2846cfbc07763ffb9, primary]
2015-06-14 13:14:46 INFO  SchemaUpdate:242 - HHH000232: Schema update complete
2015-06-14 13:14:46 INFO  RmiServiceExporter:394 - Looking for RMI registry at port '1199'
2015-06-14 13:14:46 INFO  RmiServiceExporter:405 - Could not detect RMI registry - creating new one
2015-06-14 13:14:46 INFO  RmiServiceExporter:277 - Binding service 'UserService' to RMI registry: RegistryImpl[UnicastServerRef [liveRef: [endpoint:[127.0.1.1:1199](local),objID:[0:0:0, 0]]]]
2015-06-14 13:14:53 INFO  ClassPathXmlApplicationContext:510 - Refreshing org.springframework.context.support.ClassPathXmlApplicationContext@726f3b58: startup date [Sun Jun 14 13:14:53 EEST 2015]; root of context hierarchy
2015-06-14 13:14:53 INFO  XmlBeanDefinitionReader:317 - Loading XML bean definitions from class path resource [client-context.xml]
2015-06-14 13:26:35 INFO  ClassPathXmlApplicationContext:510 - Refreshing org.springframework.context.support.ClassPathXmlApplicationContext@726f3b58: startup date [Sun Jun 14 13:26:35 EEST 2015]; root of context hierarchy
2015-06-14 13:26:35 INFO  XmlBeanDefinitionReader:317 - Loading XML bean definitions from class path resource [server-context.xml]
2015-06-14 13:26:35 INFO  XmlBeanDefinitionReader:317 - Loading XML bean definitions from class path resource [app-context.xml]
2015-06-14 13:26:36 INFO  PropertySourcesPlaceholderConfigurer:172 - Loading properties file from class path resource [app.properties]
2015-06-14 13:26:36 INFO  DriverManagerDataSource:133 - Loaded JDBC driver: com.mysql.jdbc.Driver
2015-06-14 13:26:36 INFO  LocalContainerEntityManagerFactoryBean:339 - Building JPA container EntityManagerFactory for persistence unit 'my_unit'
2015-06-14 13:26:37 INFO  Version:37 - HCANN000001: Hibernate Commons Annotations {4.0.1.Final}
2015-06-14 13:26:37 INFO  Version:41 - HHH000412: Hibernate Core {4.2.1.Final}
2015-06-14 13:26:37 INFO  Environment:239 - HHH000206: hibernate.properties not found
2015-06-14 13:26:37 INFO  Environment:342 - HHH000021: Bytecode provider name : javassist
2015-06-14 13:26:37 INFO  Ejb3Configuration:528 - HHH000204: Processing PersistenceUnitInfo [
	name: my_unit
	...]
2015-06-14 13:26:37 INFO  ConnectionProviderInitiator:188 - HHH000130: Instantiating explicit connection provider: org.hibernate.ejb.connection.InjectedDataSourceConnectionProvider
2015-06-14 13:26:38 INFO  Dialect:128 - HHH000400: Using dialect: org.hibernate.dialect.MySQLDialect
2015-06-14 13:26:38 INFO  TransactionFactoryInitiator:73 - HHH000268: Transaction strategy: org.hibernate.engine.transaction.internal.jdbc.JdbcTransactionFactory
2015-06-14 13:26:38 INFO  ASTQueryTranslatorFactory:48 - HHH000397: Using ASTQueryTranslatorFactory
2015-06-14 13:26:39 INFO  SchemaUpdate:182 - HHH000228: Running hbm2ddl schema update
2015-06-14 13:26:39 INFO  SchemaUpdate:193 - HHH000102: Fetching database metadata
2015-06-14 13:26:39 INFO  SchemaUpdate:205 - HHH000396: Updating schema
2015-06-14 13:26:39 INFO  TableMetadata:65 - HHH000261: Table found: ACP6.posts
2015-06-14 13:26:39 INFO  TableMetadata:66 - HHH000037: Columns: [creationdate, owner_id, id, body, title]
2015-06-14 13:26:39 INFO  TableMetadata:68 - HHH000108: Foreign keys: [fk_664e18c4212943c396213daa691]
2015-06-14 13:26:39 INFO  TableMetadata:69 - HHH000126: Indexes: [fk_664e18c4212943c396213daa691, primary]
2015-06-14 13:26:39 INFO  TableMetadata:65 - HHH000261: Table found: ACP6.users
2015-06-14 13:26:39 INFO  TableMetadata:66 - HHH000037: Columns: [full_name, pass, posttype, id, email]
2015-06-14 13:26:39 INFO  TableMetadata:68 - HHH000108: Foreign keys: []
2015-06-14 13:26:39 INFO  TableMetadata:69 - HHH000126: Indexes: [uk_016b2f138d2846cfbc07763ffb9, primary]
2015-06-14 13:26:39 INFO  SchemaUpdate:242 - HHH000232: Schema update complete
2015-06-14 13:26:39 INFO  RmiServiceExporter:394 - Looking for RMI registry at port '1199'
2015-06-14 13:26:39 INFO  RmiServiceExporter:405 - Could not detect RMI registry - creating new one
2015-06-14 13:26:39 INFO  RmiServiceExporter:277 - Binding service 'UserService' to RMI registry: RegistryImpl[UnicastServerRef [liveRef: [endpoint:[127.0.1.1:1199](local),objID:[0:0:0, 0]]]]
2015-06-14 13:26:51 INFO  ClassPathXmlApplicationContext:510 - Refreshing org.springframework.context.support.ClassPathXmlApplicationContext@726f3b58: startup date [Sun Jun 14 13:26:51 EEST 2015]; root of context hierarchy
2015-06-14 13:26:51 INFO  XmlBeanDefinitionReader:317 - Loading XML bean definitions from class path resource [client-context.xml]
2015-06-14 13:31:26 INFO  ClassPathXmlApplicationContext:510 - Refreshing org.springframework.context.support.ClassPathXmlApplicationContext@726f3b58: startup date [Sun Jun 14 13:31:26 EEST 2015]; root of context hierarchy
2015-06-14 13:31:27 INFO  XmlBeanDefinitionReader:317 - Loading XML bean definitions from class path resource [server-context.xml]
2015-06-14 13:31:27 INFO  XmlBeanDefinitionReader:317 - Loading XML bean definitions from class path resource [app-context.xml]
2015-06-14 13:31:27 INFO  PropertySourcesPlaceholderConfigurer:172 - Loading properties file from class path resource [app.properties]
2015-06-14 13:31:28 INFO  DriverManagerDataSource:133 - Loaded JDBC driver: com.mysql.jdbc.Driver
2015-06-14 13:31:28 INFO  LocalContainerEntityManagerFactoryBean:339 - Building JPA container EntityManagerFactory for persistence unit 'my_unit'
2015-06-14 13:31:28 INFO  Version:37 - HCANN000001: Hibernate Commons Annotations {4.0.1.Final}
2015-06-14 13:31:28 INFO  Version:41 - HHH000412: Hibernate Core {4.2.1.Final}
2015-06-14 13:31:28 INFO  Environment:239 - HHH000206: hibernate.properties not found
2015-06-14 13:31:28 INFO  Environment:342 - HHH000021: Bytecode provider name : javassist
2015-06-14 13:31:28 INFO  Ejb3Configuration:528 - HHH000204: Processing PersistenceUnitInfo [
	name: my_unit
	...]
2015-06-14 13:31:29 INFO  ConnectionProviderInitiator:188 - HHH000130: Instantiating explicit connection provider: org.hibernate.ejb.connection.InjectedDataSourceConnectionProvider
2015-06-14 13:31:29 INFO  Dialect:128 - HHH000400: Using dialect: org.hibernate.dialect.MySQLDialect
2015-06-14 13:31:29 INFO  TransactionFactoryInitiator:73 - HHH000268: Transaction strategy: org.hibernate.engine.transaction.internal.jdbc.JdbcTransactionFactory
2015-06-14 13:31:29 INFO  ASTQueryTranslatorFactory:48 - HHH000397: Using ASTQueryTranslatorFactory
2015-06-14 13:31:30 INFO  SchemaUpdate:182 - HHH000228: Running hbm2ddl schema update
2015-06-14 13:31:30 INFO  SchemaUpdate:193 - HHH000102: Fetching database metadata
2015-06-14 13:31:30 INFO  SchemaUpdate:205 - HHH000396: Updating schema
2015-06-14 13:31:30 INFO  TableMetadata:65 - HHH000261: Table found: ACP6.posts
2015-06-14 13:31:30 INFO  TableMetadata:66 - HHH000037: Columns: [creationdate, owner_id, id, body, title]
2015-06-14 13:31:30 INFO  TableMetadata:68 - HHH000108: Foreign keys: [fk_664e18c4212943c396213daa691]
2015-06-14 13:31:30 INFO  TableMetadata:69 - HHH000126: Indexes: [fk_664e18c4212943c396213daa691, primary]
2015-06-14 13:31:30 INFO  TableMetadata:65 - HHH000261: Table found: ACP6.users
2015-06-14 13:31:30 INFO  TableMetadata:66 - HHH000037: Columns: [full_name, pass, posttype, id, email]
2015-06-14 13:31:30 INFO  TableMetadata:68 - HHH000108: Foreign keys: []
2015-06-14 13:31:30 INFO  TableMetadata:69 - HHH000126: Indexes: [uk_016b2f138d2846cfbc07763ffb9, primary]
2015-06-14 13:31:30 INFO  SchemaUpdate:242 - HHH000232: Schema update complete
2015-06-14 13:31:30 INFO  RmiServiceExporter:394 - Looking for RMI registry at port '1199'
2015-06-14 13:31:30 INFO  RmiServiceExporter:405 - Could not detect RMI registry - creating new one
2015-06-14 13:31:30 INFO  RmiServiceExporter:277 - Binding service 'UserService' to RMI registry: RegistryImpl[UnicastServerRef [liveRef: [endpoint:[serhii.com:1199](local),objID:[0:0:0, 0]]]]
2015-06-14 13:31:43 INFO  ClassPathXmlApplicationContext:510 - Refreshing org.springframework.context.support.ClassPathXmlApplicationContext@726f3b58: startup date [Sun Jun 14 13:31:43 EEST 2015]; root of context hierarchy
2015-06-14 13:31:43 INFO  XmlBeanDefinitionReader:317 - Loading XML bean definitions from class path resource [client-context.xml]
2015-06-14 13:33:56 INFO  ClassPathXmlApplicationContext:510 - Refreshing org.springframework.context.support.ClassPathXmlApplicationContext@726f3b58: startup date [Sun Jun 14 13:33:56 EEST 2015]; root of context hierarchy
2015-06-14 13:33:56 INFO  XmlBeanDefinitionReader:317 - Loading XML bean definitions from class path resource [client-context.xml]
2015-06-14 13:36:04 WARN  ClassPathXmlApplicationContext:487 - Exception encountered during context initialization - cancelling refresh attempt
org.springframework.beans.factory.BeanCreationException: Error creating bean with name 'userService' defined in class path resource [client-context.xml]: Invocation of init method failed; nested exception is org.springframework.remoting.RemoteLookupFailureException: Lookup of RMI stub failed; nested exception is java.rmi.ConnectException: Connection refused to host: serhii.com; nested exception is: 
	java.net.ConnectException: Connection timed out
	at org.springframework.beans.factory.support.AbstractAutowireCapableBeanFactory.initializeBean(AbstractAutowireCapableBeanFactory.java:1566)
	at org.springframework.beans.factory.support.AbstractAutowireCapableBeanFactory.doCreateBean(AbstractAutowireCapableBeanFactory.java:539)
	at org.springframework.beans.factory.support.AbstractAutowireCapableBeanFactory.createBean(AbstractAutowireCapableBeanFactory.java:476)
	at org.springframework.beans.factory.support.AbstractBeanFactory$1.getObject(AbstractBeanFactory.java:303)
	at org.springframework.beans.factory.support.DefaultSingletonBeanRegistry.getSingleton(DefaultSingletonBeanRegistry.java:230)
	at org.springframework.beans.factory.support.AbstractBeanFactory.doGetBean(AbstractBeanFactory.java:299)
	at org.springframework.beans.factory.support.AbstractBeanFactory.getBean(AbstractBeanFactory.java:194)
	at org.springframework.beans.factory.support.DefaultListableBeanFactory.preInstantiateSingletons(DefaultListableBeanFactory.java:743)
	at org.springframework.context.support.AbstractApplicationContext.finishBeanFactoryInitialization(AbstractApplicationContext.java:757)
	at org.springframework.context.support.AbstractApplicationContext.refresh(AbstractApplicationContext.java:480)
	at org.springframework.context.support.ClassPathXmlApplicationContext.<init>(ClassPathXmlApplicationContext.java:139)
	at org.springframework.context.support.ClassPathXmlApplicationContext.<init>(ClassPathXmlApplicationContext.java:83)
	at ua.artcode.RunClient.main(RunClient.java:18)
	at sun.reflect.NativeMethodAccessorImpl.invoke0(Native Method)
	at sun.reflect.NativeMethodAccessorImpl.invoke(NativeMethodAccessorImpl.java:62)
	at sun.reflect.DelegatingMethodAccessorImpl.invoke(DelegatingMethodAccessorImpl.java:43)
	at java.lang.reflect.Method.invoke(Method.java:497)
	at com.intellij.rt.execution.application.AppMain.main(AppMain.java:140)
Caused by: org.springframework.remoting.RemoteLookupFailureException: Lookup of RMI stub failed; nested exception is java.rmi.ConnectException: Connection refused to host: serhii.com; nested exception is: 
	java.net.ConnectException: Connection timed out
	at org.springframework.remoting.rmi.RmiClientInterceptor.lookupStub(RmiClientInterceptor.java:215)
	at org.springframework.remoting.rmi.RmiClientInterceptor.prepare(RmiClientInterceptor.java:147)
	at org.springframework.remoting.rmi.RmiClientInterceptor.afterPropertiesSet(RmiClientInterceptor.java:135)
	at org.springframework.remoting.rmi.RmiProxyFactoryBean.afterPropertiesSet(RmiProxyFactoryBean.java:68)
	at org.springframework.beans.factory.support.AbstractAutowireCapableBeanFactory.invokeInitMethods(AbstractAutowireCapableBeanFactory.java:1625)
	at org.springframework.beans.factory.support.AbstractAutowireCapableBeanFactory.initializeBean(AbstractAutowireCapableBeanFactory.java:1562)
	... 17 more
Caused by: java.rmi.ConnectException: Connection refused to host: serhii.com; nested exception is: 
	java.net.ConnectException: Connection timed out
	at sun.rmi.transport.tcp.TCPEndpoint.newSocket(TCPEndpoint.java:619)
	at sun.rmi.transport.tcp.TCPChannel.createConnection(TCPChannel.java:216)
	at sun.rmi.transport.tcp.TCPChannel.newConnection(TCPChannel.java:202)
	at sun.rmi.server.UnicastRef.newCall(UnicastRef.java:342)
	at sun.rmi.registry.RegistryImpl_Stub.lookup(Unknown Source)
	at java.rmi.Naming.lookup(Naming.java:101)
	at org.springframework.remoting.rmi.RmiClientInterceptor.lookupStub(RmiClientInterceptor.java:200)
	... 22 more
Caused by: java.net.ConnectException: Connection timed out
	at java.net.PlainSocketImpl.socketConnect(Native Method)
	at java.net.AbstractPlainSocketImpl.doConnect(AbstractPlainSocketImpl.java:345)
	at java.net.AbstractPlainSocketImpl.connectToAddress(AbstractPlainSocketImpl.java:206)
	at java.net.AbstractPlainSocketImpl.connect(AbstractPlainSocketImpl.java:188)
	at java.net.SocksSocketImpl.connect(SocksSocketImpl.java:392)
	at java.net.Socket.connect(Socket.java:589)
	at java.net.Socket.connect(Socket.java:538)
	at java.net.Socket.<init>(Socket.java:434)
	at java.net.Socket.<init>(Socket.java:211)
	at sun.rmi.transport.proxy.RMIDirectSocketFactory.createSocket(RMIDirectSocketFactory.java:40)
	at sun.rmi.transport.proxy.RMIMasterSocketFactory.createSocket(RMIMasterSocketFactory.java:148)
	at sun.rmi.transport.tcp.TCPEndpoint.newSocket(TCPEndpoint.java:613)
	... 28 more
2015-06-14 13:39:16 INFO  ClassPathXmlApplicationContext:510 - Refreshing org.springframework.context.support.ClassPathXmlApplicationContext@726f3b58: startup date [Sun Jun 14 13:39:16 EEST 2015]; root of context hierarchy
2015-06-14 13:39:16 INFO  XmlBeanDefinitionReader:317 - Loading XML bean definitions from class path resource [client-context.xml]
2015-06-14 13:39:33 INFO  ClassPathXmlApplicationContext:510 - Refreshing org.springframework.context.support.ClassPathXmlApplicationContext@726f3b58: startup date [Sun Jun 14 13:39:33 EEST 2015]; root of context hierarchy
2015-06-14 13:39:33 INFO  XmlBeanDefinitionReader:317 - Loading XML bean definitions from class path resource [server-context.xml]
2015-06-14 13:39:33 INFO  XmlBeanDefinitionReader:317 - Loading XML bean definitions from class path resource [app-context.xml]
2015-06-14 13:39:34 INFO  PropertySourcesPlaceholderConfigurer:172 - Loading properties file from class path resource [app.properties]
2015-06-14 13:39:34 INFO  DriverManagerDataSource:133 - Loaded JDBC driver: com.mysql.jdbc.Driver
2015-06-14 13:39:34 INFO  LocalContainerEntityManagerFactoryBean:339 - Building JPA container EntityManagerFactory for persistence unit 'my_unit'
2015-06-14 13:39:35 INFO  Version:37 - HCANN000001: Hibernate Commons Annotations {4.0.1.Final}
2015-06-14 13:39:35 INFO  Version:41 - HHH000412: Hibernate Core {4.2.1.Final}
2015-06-14 13:39:35 INFO  Environment:239 - HHH000206: hibernate.properties not found
2015-06-14 13:39:35 INFO  Environment:342 - HHH000021: Bytecode provider name : javassist
2015-06-14 13:39:35 INFO  Ejb3Configuration:528 - HHH000204: Processing PersistenceUnitInfo [
	name: my_unit
	...]
2015-06-14 13:39:35 INFO  ConnectionProviderInitiator:188 - HHH000130: Instantiating explicit connection provider: org.hibernate.ejb.connection.InjectedDataSourceConnectionProvider
2015-06-14 13:39:36 INFO  Dialect:128 - HHH000400: Using dialect: org.hibernate.dialect.MySQLDialect
2015-06-14 13:39:36 INFO  TransactionFactoryInitiator:73 - HHH000268: Transaction strategy: org.hibernate.engine.transaction.internal.jdbc.JdbcTransactionFactory
2015-06-14 13:39:36 INFO  ASTQueryTranslatorFactory:48 - HHH000397: Using ASTQueryTranslatorFactory
2015-06-14 13:39:36 INFO  SchemaUpdate:182 - HHH000228: Running hbm2ddl schema update
2015-06-14 13:39:36 INFO  SchemaUpdate:193 - HHH000102: Fetching database metadata
2015-06-14 13:39:36 INFO  SchemaUpdate:205 - HHH000396: Updating schema
2015-06-14 13:39:36 INFO  TableMetadata:65 - HHH000261: Table found: ACP6.posts
2015-06-14 13:39:36 INFO  TableMetadata:66 - HHH000037: Columns: [creationdate, owner_id, id, body, title]
2015-06-14 13:39:36 INFO  TableMetadata:68 - HHH000108: Foreign keys: [fk_664e18c4212943c396213daa691]
2015-06-14 13:39:36 INFO  TableMetadata:69 - HHH000126: Indexes: [fk_664e18c4212943c396213daa691, primary]
2015-06-14 13:39:36 INFO  TableMetadata:65 - HHH000261: Table found: ACP6.users
2015-06-14 13:39:36 INFO  TableMetadata:66 - HHH000037: Columns: [full_name, pass, posttype, id, email]
2015-06-14 13:39:36 INFO  TableMetadata:68 - HHH000108: Foreign keys: []
2015-06-14 13:39:36 INFO  TableMetadata:69 - HHH000126: Indexes: [uk_016b2f138d2846cfbc07763ffb9, primary]
2015-06-14 13:39:36 INFO  SchemaUpdate:242 - HHH000232: Schema update complete
2015-06-14 13:39:37 INFO  RmiServiceExporter:394 - Looking for RMI registry at port '1199'
2015-06-14 13:39:37 INFO  RmiServiceExporter:405 - Could not detect RMI registry - creating new one
2015-06-14 13:39:37 INFO  RmiServiceExporter:277 - Binding service 'UserService' to RMI registry: RegistryImpl[UnicastServerRef [liveRef: [endpoint:[192.168.1.45:1199](local),objID:[0:0:0, 0]]]]
2015-06-14 13:39:43 INFO  ClassPathXmlApplicationContext:510 - Refreshing org.springframework.context.support.ClassPathXmlApplicationContext@726f3b58: startup date [Sun Jun 14 13:39:43 EEST 2015]; root of context hierarchy
2015-06-14 13:39:43 INFO  XmlBeanDefinitionReader:317 - Loading XML bean definitions from class path resource [client-context.xml]
